2020-04-23 11:38:18.269+0000 [id=1]	INFO	org.eclipse.jetty.util.log.Log#initialized: Logging initialized @816ms to org.eclipse.jetty.util.log.JavaUtilLog
2020-04-23 11:38:18.397+0000 [id=1]	INFO	winstone.Logger#logInternal: Beginning extraction from war file
2020-04-23 11:38:33.567+0000 [id=1]	WARNING	o.e.j.s.handler.ContextHandler#setContextPath: Empty contextPath
2020-04-23 11:38:33.635+0000 [id=1]	INFO	org.eclipse.jetty.server.Server#doStart: jetty-9.4.z-SNAPSHOT; built: 2019-05-02T00:04:53.875Z; git: e1bc35120a6617ee3df052294e433f3a25ce7097; jvm 1.8.0_144-b01
2020-04-23 11:38:34.370+0000 [id=1]	INFO	o.e.j.w.StandardDescriptorProcessor#visitServlet: NO JSP Support for /, did not find org.eclipse.jetty.jsp.JettyJspServlet
2020-04-23 11:38:34.429+0000 [id=1]	INFO	o.e.j.s.s.DefaultSessionIdManager#doStart: DefaultSessionIdManager workerName=node0
2020-04-23 11:38:34.430+0000 [id=1]	INFO	o.e.j.s.s.DefaultSessionIdManager#doStart: No SessionScavenger set, using defaults
2020-04-23 11:38:34.433+0000 [id=1]	INFO	o.e.j.server.session.HouseKeeper#startScavenging: node0 Scavenging every 660000ms
2020-04-23 11:38:35.236+0000 [id=1]	INFO	hudson.WebAppMain#contextInitialized: Jenkins home directory: C:\Program Files (x86)\Jenkins found at: EnvVars.masterEnvVars.get("JENKINS_HOME")
2020-04-23 11:38:35.414+0000 [id=1]	INFO	o.e.j.s.handler.ContextHandler#doStart: Started w.@e6516e{Jenkins v2.204.5,/,file:///C:/Program%20Files%20(x86)/Jenkins/war/,AVAILABLE}{C:\Program Files (x86)\Jenkins\war}
2020-04-23 11:38:35.438+0000 [id=1]	INFO	o.e.j.server.AbstractConnector#doStart: Started ServerConnector@1df23d3{HTTP/1.1,[http/1.1]}{0.0.0.0:8080}
2020-04-23 11:38:35.439+0000 [id=1]	INFO	org.eclipse.jetty.server.Server#doStart: Started @17986ms
2020-04-23 11:38:35.439+0000 [id=19]	INFO	winstone.Logger#logInternal: Winstone Servlet Engine v4.0 running: controlPort=disabled
2020-04-23 11:38:37.404+0000 [id=26]	INFO	jenkins.InitReactorRunner$1#onAttained: Started initialization
2020-04-23 11:38:37.439+0000 [id=28]	INFO	jenkins.InitReactorRunner$1#onAttained: Listed all plugins
2020-04-23 11:38:39.321+0000 [id=28]	INFO	jenkins.InitReactorRunner$1#onAttained: Prepared all plugins
2020-04-23 11:38:39.329+0000 [id=27]	INFO	jenkins.InitReactorRunner$1#onAttained: Started all plugins
2020-04-23 11:38:39.338+0000 [id=27]	INFO	jenkins.InitReactorRunner$1#onAttained: Augmented all extensions
2020-04-23 11:38:41.194+0000 [id=27]	INFO	jenkins.InitReactorRunner$1#onAttained: Loaded all jobs
2020-04-23 11:38:41.208+0000 [id=45]	INFO	hudson.model.AsyncPeriodicWork#lambda$doRun$0: Started Download metadata
2020-04-23 11:38:41.227+0000 [id=45]	INFO	hudson.util.Retrier#start: Attempt #1 to do the action check updates server
2020-04-23 11:38:42.341+0000 [id=31]	INFO	o.s.c.s.AbstractApplicationContext#prepareRefresh: Refreshing org.springframework.web.context.support.StaticWebApplicationContext@1910729: display name [Root WebApplicationContext]; startup date [Thu Apr 23 17:08:42 IST 2020]; root of context hierarchy
2020-04-23 11:38:42.342+0000 [id=31]	INFO	o.s.c.s.AbstractApplicationContext#obtainFreshBeanFactory: Bean factory for application context [org.springframework.web.context.support.StaticWebApplicationContext@1910729]: org.springframework.beans.factory.support.DefaultListableBeanFactory@1444efd
2020-04-23 11:38:42.368+0000 [id=31]	INFO	o.s.b.f.s.DefaultListableBeanFactory#preInstantiateSingletons: Pre-instantiating singletons in org.springframework.beans.factory.support.DefaultListableBeanFactory@1444efd: defining beans [authenticationManager]; root of factory hierarchy
2020-04-23 11:38:42.651+0000 [id=31]	INFO	o.s.c.s.AbstractApplicationContext#prepareRefresh: Refreshing org.springframework.web.context.support.StaticWebApplicationContext@13bd7ed: display name [Root WebApplicationContext]; startup date [Thu Apr 23 17:08:42 IST 2020]; root of context hierarchy
2020-04-23 11:38:42.651+0000 [id=31]	INFO	o.s.c.s.AbstractApplicationContext#obtainFreshBeanFactory: Bean factory for application context [org.springframework.web.context.support.StaticWebApplicationContext@13bd7ed]: org.springframework.beans.factory.support.DefaultListableBeanFactory@1f1d8e1
2020-04-23 11:38:42.652+0000 [id=31]	INFO	o.s.b.f.s.DefaultListableBeanFactory#preInstantiateSingletons: Pre-instantiating singletons in org.springframework.beans.factory.support.DefaultListableBeanFactory@1f1d8e1: defining beans [filter,legacy]; root of factory hierarchy
2020-04-23 11:38:42.913+0000 [id=31]	INFO	jenkins.install.SetupWizard#init: 

*************************************************************
*************************************************************
*************************************************************

Jenkins initial setup is required. An admin user has been created and a password generated.
Please use the following password to proceed to installation:

a4e94f3dc9184f31932874fb0853289b

This may also be found at: C:\Program Files (x86)\Jenkins\secrets\initialAdminPassword

*************************************************************
*************************************************************
*************************************************************

2020-04-23 11:39:02.035+0000 [id=45]	INFO	hudson.model.UpdateSite#updateData: Obtained the latest update center data file for UpdateSource default
2020-04-23 11:39:02.774+0000 [id=31]	INFO	hudson.model.UpdateSite#updateData: Obtained the latest update center data file for UpdateSource default
2020-04-23 11:39:03.093+0000 [id=31]	INFO	jenkins.InitReactorRunner$1#onAttained: Completed initialization
2020-04-23 11:39:03.121+0000 [id=18]	INFO	hudson.WebAppMain$3#run: Jenkins is fully up and running
2020-04-23 11:39:03.208+0000 [id=45]	INFO	h.m.DownloadService$Downloadable#load: Obtained the updated data file for hudson.tasks.Maven.MavenInstaller
2020-04-23 11:39:03.208+0000 [id=45]	INFO	hudson.util.Retrier#start: Performed the action check updates server successfully at the attempt #1
2020-04-23 11:39:03.214+0000 [id=45]	INFO	hudson.model.AsyncPeriodicWork#lambda$doRun$0: Finished Download metadata. 22,004 ms
2020-04-23 11:39:53.169+0000 [id=12]	INFO	hudson.PluginManager#install: Starting installation of a batch of 20 plugins plus their dependencies
2020-04-23 11:39:53.169+0000 [id=12]	INFO	hudson.model.UpdateSite$Plugin#deploy: Adding dependent install of trilead-api for plugin cloudbees-folder
2020-04-23 11:39:53.170+0000 [id=12]	INFO	hudson.model.UpdateSite$Plugin#deploy: Adding dependent install of command-launcher for plugin build-timeout
2020-04-23 11:39:53.170+0000 [id=77]	INFO	h.model.UpdateCenter$DownloadJob#run: Starting the installation of trilead-api on behalf of admin
2020-04-23 11:39:53.170+0000 [id=12]	INFO	hudson.model.UpdateSite$Plugin#deploy: Adding dependent install of script-security for plugin command-launcher
2020-04-23 11:39:53.171+0000 [id=12]	INFO	hudson.model.UpdateSite$Plugin#deploy: Adding dependent install of jdk-tool for plugin script-security
2020-04-23 11:39:53.172+0000 [id=12]	INFO	hudson.model.UpdateSite$Plugin#deploy: Adding dependent install of token-macro for plugin build-timeout
2020-04-23 11:39:53.172+0000 [id=12]	INFO	hudson.model.UpdateSite$Plugin#deploy: Adding dependent install of structs for plugin token-macro
2020-04-23 11:39:53.172+0000 [id=12]	INFO	hudson.model.UpdateSite$Plugin#deploy: Adding dependent install of workflow-step-api for plugin token-macro
2020-04-23 11:39:53.172+0000 [id=12]	INFO	hudson.model.UpdateSite$Plugin#deploy: Adding dependent install of bouncycastle-api for plugin build-timeout
2020-04-23 11:39:53.173+0000 [id=12]	INFO	hudson.model.UpdateSite$Plugin#deploy: Adding dependent install of plain-credentials for plugin credentials-binding
2020-04-23 11:39:53.173+0000 [id=12]	INFO	hudson.model.UpdateSite$Plugin#deploy: Adding dependent install of credentials for plugin plain-credentials
2020-04-23 11:39:53.174+0000 [id=12]	INFO	hudson.model.UpdateSite$Plugin#deploy: Adding dependent install of ssh-credentials for plugin credentials-binding
2020-04-23 11:39:53.174+0000 [id=12]	INFO	hudson.model.UpdateSite$Plugin#deploy: Adding dependent install of workflow-api for plugin timestamper
2020-04-23 11:39:53.174+0000 [id=12]	INFO	hudson.model.UpdateSite$Plugin#deploy: Adding dependent install of scm-api for plugin workflow-api
2020-04-23 11:39:53.175+0000 [id=12]	INFO	hudson.model.UpdateSite$Plugin#deploy: Adding dependent install of workflow-durable-task-step for plugin ws-cleanup
2020-04-23 11:39:53.175+0000 [id=12]	INFO	hudson.model.UpdateSite$Plugin#deploy: Adding dependent install of workflow-support for plugin workflow-durable-task-step
2020-04-23 11:39:53.175+0000 [id=12]	INFO	hudson.model.UpdateSite$Plugin#deploy: Adding dependent install of durable-task for plugin workflow-durable-task-step
2020-04-23 11:39:53.175+0000 [id=12]	INFO	hudson.model.UpdateSite$Plugin#deploy: Adding dependent install of matrix-project for plugin ws-cleanup
2020-04-23 11:39:53.175+0000 [id=12]	INFO	hudson.model.UpdateSite$Plugin#deploy: Adding dependent install of junit for plugin matrix-project
2020-04-23 11:39:53.176+0000 [id=12]	INFO	hudson.model.UpdateSite$Plugin#deploy: Adding dependent install of resource-disposer for plugin ws-cleanup
2020-04-23 11:39:53.176+0000 [id=12]	INFO	hudson.model.UpdateSite$Plugin#deploy: Adding dependent install of workflow-cps for plugin gradle
2020-04-23 11:39:53.176+0000 [id=12]	INFO	hudson.model.UpdateSite$Plugin#deploy: Adding dependent install of ace-editor for plugin workflow-cps
2020-04-23 11:39:53.176+0000 [id=12]	INFO	hudson.model.UpdateSite$Plugin#deploy: Adding dependent install of jquery-detached for plugin workflow-cps
2020-04-23 11:39:53.177+0000 [id=12]	INFO	hudson.model.UpdateSite$Plugin#deploy: Adding dependent install of workflow-scm-step for plugin workflow-cps
2020-04-23 11:39:53.177+0000 [id=12]	INFO	hudson.model.UpdateSite$Plugin#deploy: Adding dependent install of workflow-job for plugin gradle
2020-04-23 11:39:53.178+0000 [id=12]	INFO	hudson.model.UpdateSite$Plugin#deploy: Adding dependent install of workflow-basic-steps for plugin gradle
2020-04-23 11:39:53.178+0000 [id=12]	INFO	hudson.model.UpdateSite$Plugin#deploy: Adding dependent install of apache-httpcomponents-client-4-api for plugin workflow-basic-steps
2020-04-23 11:39:53.178+0000 [id=12]	INFO	hudson.model.UpdateSite$Plugin#deploy: Adding dependent install of mailer for plugin workflow-basic-steps
2020-04-23 11:39:53.178+0000 [id=12]	INFO	hudson.model.UpdateSite$Plugin#deploy: Adding dependent install of display-url-api for plugin mailer
2020-04-23 11:39:53.179+0000 [id=12]	INFO	hudson.model.UpdateSite$Plugin#deploy: Adding dependent install of pipeline-milestone-step for plugin workflow-aggregator
2020-04-23 11:39:53.180+0000 [id=12]	INFO	hudson.model.UpdateSite$Plugin#deploy: Adding dependent install of pipeline-stage-view for plugin workflow-aggregator
2020-04-23 11:39:53.180+0000 [id=12]	INFO	hudson.model.UpdateSite$Plugin#deploy: Adding dependent install of pipeline-rest-api for plugin pipeline-stage-view
2020-04-23 11:39:53.180+0000 [id=12]	INFO	hudson.model.UpdateSite$Plugin#deploy: Adding dependent install of jackson2-api for plugin pipeline-rest-api
2020-04-23 11:39:53.181+0000 [id=12]	INFO	hudson.model.UpdateSite$Plugin#deploy: Adding dependent install of pipeline-graph-analysis for plugin pipeline-rest-api
2020-04-23 11:39:53.181+0000 [id=12]	INFO	hudson.model.UpdateSite$Plugin#deploy: Adding dependent install of pipeline-input-step for plugin pipeline-graph-analysis
2020-04-23 11:39:53.181+0000 [id=12]	INFO	hudson.model.UpdateSite$Plugin#deploy: Adding dependent install of pipeline-stage-step for plugin pipeline-graph-analysis
2020-04-23 11:39:53.182+0000 [id=12]	INFO	hudson.model.UpdateSite$Plugin#deploy: Adding dependent install of handlebars for plugin pipeline-stage-view
2020-04-23 11:39:53.182+0000 [id=12]	INFO	hudson.model.UpdateSite$Plugin#deploy: Adding dependent install of momentjs for plugin pipeline-stage-view
2020-04-23 11:39:53.183+0000 [id=12]	INFO	hudson.model.UpdateSite$Plugin#deploy: Adding dependent install of pipeline-build-step for plugin workflow-aggregator
2020-04-23 11:39:53.183+0000 [id=12]	INFO	hudson.model.UpdateSite$Plugin#deploy: Adding dependent install of pipeline-model-definition for plugin workflow-aggregator
2020-04-23 11:39:53.184+0000 [id=12]	INFO	hudson.model.UpdateSite$Plugin#deploy: Adding dependent install of pipeline-model-extensions for plugin pipeline-model-definition
2020-04-23 11:39:53.184+0000 [id=12]	INFO	hudson.model.UpdateSite$Plugin#deploy: Adding dependent install of pipeline-model-api for plugin pipeline-model-extensions
2020-04-23 11:39:53.184+0000 [id=12]	INFO	hudson.model.UpdateSite$Plugin#deploy: Adding dependent install of workflow-cps-global-lib for plugin pipeline-model-definition
2020-04-23 11:39:53.185+0000 [id=12]	INFO	hudson.model.UpdateSite$Plugin#deploy: Adding dependent install of git-server for plugin workflow-cps-global-lib
2020-04-23 11:39:53.185+0000 [id=12]	INFO	hudson.model.UpdateSite$Plugin#deploy: Adding dependent install of git-client for plugin git-server
2020-04-23 11:39:53.185+0000 [id=12]	INFO	hudson.model.UpdateSite$Plugin#deploy: Adding dependent install of jsch for plugin git-client
2020-04-23 11:39:53.186+0000 [id=12]	INFO	hudson.model.UpdateSite$Plugin#deploy: Adding dependent install of workflow-multibranch for plugin pipeline-model-definition
2020-04-23 11:39:53.186+0000 [id=12]	INFO	hudson.model.UpdateSite$Plugin#deploy: Adding dependent install of branch-api for plugin workflow-multibranch
2020-04-23 11:39:53.186+0000 [id=12]	INFO	hudson.model.UpdateSite$Plugin#deploy: Adding dependent install of docker-workflow for plugin pipeline-model-definition
2020-04-23 11:39:53.187+0000 [id=12]	INFO	hudson.model.UpdateSite$Plugin#deploy: Adding dependent install of docker-commons for plugin docker-workflow
2020-04-23 11:39:53.187+0000 [id=12]	INFO	hudson.model.UpdateSite$Plugin#deploy: Adding dependent install of authentication-tokens for plugin docker-commons
2020-04-23 11:39:53.187+0000 [id=12]	INFO	hudson.model.UpdateSite$Plugin#deploy: Adding dependent install of pipeline-stage-tags-metadata for plugin pipeline-model-definition
2020-04-23 11:39:53.188+0000 [id=12]	INFO	hudson.model.UpdateSite$Plugin#deploy: Adding dependent install of pipeline-model-declarative-agent for plugin pipeline-model-definition
2020-04-23 11:39:53.188+0000 [id=12]	INFO	hudson.model.UpdateSite$Plugin#deploy: Adding dependent install of lockable-resources for plugin workflow-aggregator
2020-04-23 11:39:53.188+0000 [id=12]	INFO	hudson.model.UpdateSite$Plugin#deploy: Adding dependent install of github-api for plugin github-branch-source
2020-04-23 11:39:53.188+0000 [id=12]	INFO	hudson.model.UpdateSite$Plugin#deploy: Adding dependent install of github for plugin github-branch-source
2020-04-23 11:39:53.189+0000 [id=12]	INFO	hudson.model.UpdateSite$Plugin#deploy: Adding dependent install of git for plugin github
2020-04-23 11:39:53.189+0000 [id=12]	INFO	hudson.model.UpdateSite$Plugin#deploy: Adding dependent install of mapdb-api for plugin subversion
2020-04-23 11:39:54.788+0000 [id=77]	INFO	h.m.UpdateCenter$UpdateCenterConfiguration#download: Downloading trilead-api
2020-04-23 11:39:57.800+0000 [id=77]	INFO	h.model.UpdateCenter$DownloadJob#run: Installation successful: trilead-api
2020-04-23 11:39:57.800+0000 [id=77]	INFO	h.model.UpdateCenter$DownloadJob#run: Starting the installation of cloudbees-folder on behalf of admin
2020-04-23 11:39:59.251+0000 [id=77]	INFO	h.m.UpdateCenter$UpdateCenterConfiguration#download: Downloading cloudbees-folder
2020-04-23 11:40:00.698+0000 [id=77]	INFO	h.model.UpdateCenter$DownloadJob#run: Installation successful: cloudbees-folder
2020-04-23 11:40:00.698+0000 [id=77]	INFO	h.model.UpdateCenter$DownloadJob#run: Starting the installation of antisamy-markup-formatter on behalf of admin
2020-04-23 11:40:01.914+0000 [id=77]	INFO	h.m.UpdateCenter$UpdateCenterConfiguration#download: Downloading antisamy-markup-formatter
2020-04-23 11:40:27.045+0000 [id=77]	INFO	h.model.UpdateCenter$DownloadJob#run: Installation successful: antisamy-markup-formatter
2020-04-23 11:40:27.045+0000 [id=77]	INFO	h.model.UpdateCenter$DownloadJob#run: Starting the installation of jdk-tool on behalf of admin
2020-04-23 11:40:29.101+0000 [id=77]	INFO	h.m.UpdateCenter$UpdateCenterConfiguration#download: Downloading jdk-tool
2020-04-23 11:40:29.780+0000 [id=77]	INFO	h.model.UpdateCenter$DownloadJob#run: Installation successful: jdk-tool
2020-04-23 11:40:29.781+0000 [id=77]	INFO	h.model.UpdateCenter$DownloadJob#run: Starting the installation of script-security on behalf of admin
2020-04-23 11:40:31.585+0000 [id=77]	INFO	h.m.UpdateCenter$UpdateCenterConfiguration#download: Downloading script-security
2020-04-23 11:40:33.897+0000 [id=77]	INFO	h.model.UpdateCenter$DownloadJob#run: Installation successful: script-security
2020-04-23 11:40:33.897+0000 [id=77]	INFO	h.model.UpdateCenter$DownloadJob#run: Starting the installation of command-launcher on behalf of admin
2020-04-23 11:40:35.278+0000 [id=77]	INFO	h.m.UpdateCenter$UpdateCenterConfiguration#download: Downloading command-launcher
2020-04-23 11:40:37.203+0000 [id=77]	INFO	h.model.UpdateCenter$DownloadJob#run: Installation successful: command-launcher
2020-04-23 11:40:37.204+0000 [id=77]	INFO	h.model.UpdateCenter$DownloadJob#run: Starting the installation of structs on behalf of admin
2020-04-23 11:40:38.848+0000 [id=77]	INFO	h.m.UpdateCenter$UpdateCenterConfiguration#download: Downloading structs
2020-04-23 11:40:39.799+0000 [id=77]	INFO	h.model.UpdateCenter$DownloadJob#run: Installation successful: structs
2020-04-23 11:40:39.799+0000 [id=77]	INFO	h.model.UpdateCenter$DownloadJob#run: Starting the installation of workflow-step-api on behalf of admin
2020-04-23 11:40:41.172+0000 [id=77]	INFO	h.m.UpdateCenter$UpdateCenterConfiguration#download: Downloading workflow-step-api
2020-04-23 11:40:41.656+0000 [id=77]	INFO	h.model.UpdateCenter$DownloadJob#run: Installation successful: workflow-step-api
2020-04-23 11:40:41.656+0000 [id=77]	INFO	h.model.UpdateCenter$DownloadJob#run: Starting the installation of token-macro on behalf of admin
2020-04-23 11:40:42.818+0000 [id=77]	INFO	h.m.UpdateCenter$UpdateCenterConfiguration#download: Downloading token-macro
2020-04-23 11:40:44.177+0000 [id=77]	INFO	h.model.UpdateCenter$DownloadJob#run: Installation successful: token-macro
2020-04-23 11:40:44.178+0000 [id=77]	INFO	h.model.UpdateCenter$DownloadJob#run: Starting the installation of bouncycastle-api on behalf of admin
2020-04-23 11:40:45.391+0000 [id=77]	INFO	h.m.UpdateCenter$UpdateCenterConfiguration#download: Downloading bouncycastle-api
2020-04-23 11:40:49.758+0000 [id=77]	INFO	h.model.UpdateCenter$DownloadJob#run: Installation successful: bouncycastle-api
2020-04-23 11:40:49.758+0000 [id=77]	INFO	h.model.UpdateCenter$DownloadJob#run: Starting the installation of build-timeout on behalf of admin
2020-04-23 11:40:50.972+0000 [id=77]	INFO	h.m.UpdateCenter$UpdateCenterConfiguration#download: Downloading build-timeout
2020-04-23 11:40:51.285+0000 [id=77]	INFO	h.model.UpdateCenter$DownloadJob#run: Installation successful: build-timeout
2020-04-23 11:40:51.285+0000 [id=77]	INFO	h.model.UpdateCenter$DownloadJob#run: Starting the installation of credentials on behalf of admin
2020-04-23 11:40:52.456+0000 [id=77]	INFO	h.m.UpdateCenter$UpdateCenterConfiguration#download: Downloading credentials
2020-04-23 11:40:54.590+0000 [id=77]	INFO	h.model.UpdateCenter$DownloadJob#run: Installation successful: credentials
2020-04-23 11:40:54.590+0000 [id=77]	INFO	h.model.UpdateCenter$DownloadJob#run: Starting the installation of plain-credentials on behalf of admin
2020-04-23 11:40:56.134+0000 [id=77]	INFO	h.m.UpdateCenter$UpdateCenterConfiguration#download: Downloading plain-credentials
2020-04-23 11:40:57.121+0000 [id=77]	INFO	h.model.UpdateCenter$DownloadJob#run: Installation successful: plain-credentials
2020-04-23 11:40:57.121+0000 [id=77]	INFO	h.model.UpdateCenter$DownloadJob#run: Starting the installation of ssh-credentials on behalf of admin
2020-04-23 11:40:58.700+0000 [id=77]	INFO	h.m.UpdateCenter$UpdateCenterConfiguration#download: Downloading ssh-credentials
2020-04-23 11:40:59.380+0000 [id=77]	INFO	h.model.UpdateCenter$DownloadJob#run: Installation successful: ssh-credentials
2020-04-23 11:40:59.380+0000 [id=77]	INFO	h.model.UpdateCenter$DownloadJob#run: Starting the installation of credentials-binding on behalf of admin
2020-04-23 11:41:00.648+0000 [id=77]	INFO	h.m.UpdateCenter$UpdateCenterConfiguration#download: Downloading credentials-binding
2020-04-23 11:41:01.333+0000 [id=77]	INFO	h.model.UpdateCenter$DownloadJob#run: Installation successful: credentials-binding
2020-04-23 11:41:01.333+0000 [id=77]	INFO	h.model.UpdateCenter$DownloadJob#run: Starting the installation of scm-api on behalf of admin
2020-04-23 11:41:02.704+0000 [id=77]	INFO	h.m.UpdateCenter$UpdateCenterConfiguration#download: Downloading scm-api
2020-04-23 11:41:05.121+0000 [id=77]	INFO	h.model.UpdateCenter$DownloadJob#run: Installation successful: scm-api
2020-04-23 11:41:05.121+0000 [id=77]	INFO	h.model.UpdateCenter$DownloadJob#run: Starting the installation of workflow-api on behalf of admin
2020-04-23 11:41:06.719+0000 [id=77]	INFO	h.m.UpdateCenter$UpdateCenterConfiguration#download: Downloading workflow-api
2020-04-23 11:41:07.662+0000 [id=77]	INFO	h.model.UpdateCenter$DownloadJob#run: Installation successful: workflow-api
2020-04-23 11:41:07.663+0000 [id=77]	INFO	h.model.UpdateCenter$DownloadJob#run: Starting the installation of timestamper on behalf of admin
2020-04-23 11:41:08.948+0000 [id=77]	INFO	h.m.UpdateCenter$UpdateCenterConfiguration#download: Downloading timestamper
2020-04-23 11:41:12.222+0000 [id=77]	INFO	h.model.UpdateCenter$DownloadJob#run: Installation successful: timestamper
2020-04-23 11:41:12.223+0000 [id=77]	INFO	h.model.UpdateCenter$DownloadJob#run: Starting the installation of workflow-support on behalf of admin
2020-04-23 11:41:13.779+0000 [id=77]	INFO	h.m.UpdateCenter$UpdateCenterConfiguration#download: Downloading workflow-support
2020-04-23 11:41:15.318+0000 [id=77]	INFO	h.model.UpdateCenter$DownloadJob#run: Installation successful: workflow-support
2020-04-23 11:41:15.318+0000 [id=77]	INFO	h.model.UpdateCenter$DownloadJob#run: Starting the installation of durable-task on behalf of admin
2020-04-23 11:41:16.857+0000 [id=77]	INFO	h.m.UpdateCenter$UpdateCenterConfiguration#download: Downloading durable-task
2020-04-23 11:41:24.173+0000 [id=77]	INFO	h.model.UpdateCenter$DownloadJob#run: Installation successful: durable-task
2020-04-23 11:41:24.174+0000 [id=77]	INFO	h.model.UpdateCenter$DownloadJob#run: Starting the installation of workflow-durable-task-step on behalf of admin
2020-04-23 11:41:25.453+0000 [id=77]	INFO	h.m.UpdateCenter$UpdateCenterConfiguration#download: Downloading workflow-durable-task-step
2020-04-23 11:41:25.834+0000 [id=77]	INFO	h.model.UpdateCenter$DownloadJob#run: Installation successful: workflow-durable-task-step
2020-04-23 11:41:25.834+0000 [id=77]	INFO	h.model.UpdateCenter$DownloadJob#run: Starting the installation of junit on behalf of admin
2020-04-23 11:41:27.085+0000 [id=77]	INFO	h.m.UpdateCenter$UpdateCenterConfiguration#download: Downloading junit
2020-04-23 11:41:28.050+0000 [id=77]	INFO	h.model.UpdateCenter$DownloadJob#run: Installation successful: junit
2020-04-23 11:41:28.050+0000 [id=77]	INFO	h.model.UpdateCenter$DownloadJob#run: Starting the installation of matrix-project on behalf of admin
2020-04-23 11:41:29.614+0000 [id=77]	INFO	h.m.UpdateCenter$UpdateCenterConfiguration#download: Downloading matrix-project
2020-04-23 11:41:31.279+0000 [id=77]	INFO	h.model.UpdateCenter$DownloadJob#run: Installation successful: matrix-project
2020-04-23 11:41:31.279+0000 [id=77]	INFO	h.model.UpdateCenter$DownloadJob#run: Starting the installation of resource-disposer on behalf of admin
2020-04-23 11:41:32.877+0000 [id=77]	INFO	h.m.UpdateCenter$UpdateCenterConfiguration#download: Downloading resource-disposer
2020-04-23 11:41:33.451+0000 [id=77]	INFO	h.model.UpdateCenter$DownloadJob#run: Installation successful: resource-disposer
2020-04-23 11:41:33.451+0000 [id=77]	INFO	h.model.UpdateCenter$DownloadJob#run: Starting the installation of ws-cleanup on behalf of admin
2020-04-23 11:41:34.975+0000 [id=77]	INFO	h.m.UpdateCenter$UpdateCenterConfiguration#download: Downloading ws-cleanup
2020-04-23 11:42:04.465+0000 [id=77]	INFO	h.model.UpdateCenter$DownloadJob#run: Installation successful: ws-cleanup
2020-04-23 11:42:04.465+0000 [id=77]	INFO	h.model.UpdateCenter$DownloadJob#run: Starting the installation of ant on behalf of admin
2020-04-23 11:42:05.935+0000 [id=77]	INFO	h.m.UpdateCenter$UpdateCenterConfiguration#download: Downloading ant
2020-04-23 11:42:06.593+0000 [id=77]	INFO	h.model.UpdateCenter$DownloadJob#run: Installation successful: ant
2020-04-23 11:42:06.593+0000 [id=77]	INFO	h.model.UpdateCenter$DownloadJob#run: Starting the installation of ace-editor on behalf of admin
2020-04-23 11:42:08.182+0000 [id=77]	INFO	h.m.UpdateCenter$UpdateCenterConfiguration#download: Downloading ace-editor
2020-04-23 11:42:33.150+0000 [id=77]	INFO	h.model.UpdateCenter$DownloadJob#run: Installation successful: ace-editor
2020-04-23 11:42:33.150+0000 [id=77]	INFO	h.model.UpdateCenter$DownloadJob#run: Starting the installation of jquery-detached on behalf of admin
2020-04-23 11:42:34.721+0000 [id=77]	INFO	h.m.UpdateCenter$UpdateCenterConfiguration#download: Downloading jquery-detached
2020-04-23 11:42:36.518+0000 [id=77]	INFO	h.model.UpdateCenter$DownloadJob#run: Installation successful: jquery-detached
2020-04-23 11:42:36.518+0000 [id=77]	INFO	h.model.UpdateCenter$DownloadJob#run: Starting the installation of workflow-scm-step on behalf of admin
2020-04-23 11:42:37.887+0000 [id=77]	INFO	h.m.UpdateCenter$UpdateCenterConfiguration#download: Downloading workflow-scm-step
2020-04-23 11:42:38.300+0000 [id=77]	INFO	h.model.UpdateCenter$DownloadJob#run: Installation successful: workflow-scm-step
2020-04-23 11:42:38.300+0000 [id=77]	INFO	h.model.UpdateCenter$DownloadJob#run: Starting the installation of workflow-cps on behalf of admin
2020-04-23 11:42:39.559+0000 [id=77]	INFO	h.m.UpdateCenter$UpdateCenterConfiguration#download: Downloading workflow-cps
2020-04-23 11:42:45.122+0000 [id=77]	INFO	h.model.UpdateCenter$DownloadJob#run: Installation successful: workflow-cps
2020-04-23 11:42:45.122+0000 [id=77]	INFO	h.model.UpdateCenter$DownloadJob#run: Starting the installation of workflow-job on behalf of admin
2020-04-23 11:42:46.409+0000 [id=77]	INFO	h.m.UpdateCenter$UpdateCenterConfiguration#download: Downloading workflow-job
2020-04-23 11:42:48.237+0000 [id=77]	INFO	h.model.UpdateCenter$DownloadJob#run: Installation successful: workflow-job
2020-04-23 11:42:48.237+0000 [id=77]	INFO	h.model.UpdateCenter$DownloadJob#run: Starting the installation of apache-httpcomponents-client-4-api on behalf of admin
2020-04-23 11:42:49.814+0000 [id=77]	INFO	h.m.UpdateCenter$UpdateCenterConfiguration#download: Downloading apache-httpcomponents-client-4-api
2020-04-23 11:42:54.528+0000 [id=77]	INFO	h.model.UpdateCenter$DownloadJob#run: Installation successful: apache-httpcomponents-client-4-api
2020-04-23 11:42:54.529+0000 [id=77]	INFO	h.model.UpdateCenter$DownloadJob#run: Starting the installation of display-url-api on behalf of admin
2020-04-23 11:42:55.796+0000 [id=77]	INFO	h.m.UpdateCenter$UpdateCenterConfiguration#download: Downloading display-url-api
2020-04-23 11:42:56.082+0000 [id=77]	INFO	h.model.UpdateCenter$DownloadJob#run: Installation successful: display-url-api
2020-04-23 11:42:56.082+0000 [id=77]	INFO	h.model.UpdateCenter$DownloadJob#run: Starting the installation of mailer on behalf of admin
2020-04-23 11:42:57.663+0000 [id=77]	INFO	h.m.UpdateCenter$UpdateCenterConfiguration#download: Downloading mailer
2020-04-23 11:42:58.597+0000 [id=77]	INFO	h.model.UpdateCenter$DownloadJob#run: Installation successful: mailer
2020-04-23 11:42:58.598+0000 [id=77]	INFO	h.model.UpdateCenter$DownloadJob#run: Starting the installation of workflow-basic-steps on behalf of admin
2020-04-23 11:43:00.052+0000 [id=77]	INFO	h.m.UpdateCenter$UpdateCenterConfiguration#download: Downloading workflow-basic-steps
2020-04-23 11:43:00.835+0000 [id=77]	INFO	h.model.UpdateCenter$DownloadJob#run: Installation successful: workflow-basic-steps
2020-04-23 11:43:00.835+0000 [id=77]	INFO	h.model.UpdateCenter$DownloadJob#run: Starting the installation of gradle on behalf of admin
2020-04-23 11:43:02.514+0000 [id=77]	INFO	h.m.UpdateCenter$UpdateCenterConfiguration#download: Downloading gradle
2020-04-23 11:43:03.457+0000 [id=77]	INFO	h.model.UpdateCenter$DownloadJob#run: Installation successful: gradle
2020-04-23 11:43:03.457+0000 [id=77]	INFO	h.model.UpdateCenter$DownloadJob#run: Starting the installation of pipeline-milestone-step on behalf of admin
2020-04-23 11:43:04.983+0000 [id=77]	INFO	h.m.UpdateCenter$UpdateCenterConfiguration#download: Downloading pipeline-milestone-step
2020-04-23 11:43:05.490+0000 [id=77]	INFO	h.model.UpdateCenter$DownloadJob#run: Installation successful: pipeline-milestone-step
2020-04-23 11:43:05.490+0000 [id=77]	INFO	h.model.UpdateCenter$DownloadJob#run: Starting the installation of jackson2-api on behalf of admin
2020-04-23 11:43:06.918+0000 [id=77]	INFO	h.m.UpdateCenter$UpdateCenterConfiguration#download: Downloading jackson2-api
2020-04-23 11:43:09.241+0000 [id=77]	INFO	h.model.UpdateCenter$DownloadJob#run: Installation successful: jackson2-api
2020-04-23 11:43:09.241+0000 [id=77]	INFO	h.model.UpdateCenter$DownloadJob#run: Starting the installation of pipeline-input-step on behalf of admin
2020-04-23 11:43:10.812+0000 [id=77]	INFO	h.m.UpdateCenter$UpdateCenterConfiguration#download: Downloading pipeline-input-step
2020-04-23 11:43:11.451+0000 [id=77]	INFO	h.model.UpdateCenter$DownloadJob#run: Installation successful: pipeline-input-step
2020-04-23 11:43:11.451+0000 [id=77]	INFO	h.model.UpdateCenter$DownloadJob#run: Starting the installation of pipeline-stage-step on behalf of admin
2020-04-23 11:43:12.664+0000 [id=77]	INFO	h.m.UpdateCenter$UpdateCenterConfiguration#download: Downloading pipeline-stage-step
2020-04-23 11:43:13.115+0000 [id=77]	INFO	h.model.UpdateCenter$DownloadJob#run: Installation successful: pipeline-stage-step
2020-04-23 11:43:13.115+0000 [id=77]	INFO	h.model.UpdateCenter$DownloadJob#run: Starting the installation of pipeline-graph-analysis on behalf of admin
2020-04-23 11:43:14.701+0000 [id=77]	INFO	h.m.UpdateCenter$UpdateCenterConfiguration#download: Downloading pipeline-graph-analysis
2020-04-23 11:43:15.166+0000 [id=77]	INFO	h.model.UpdateCenter$DownloadJob#run: Installation successful: pipeline-graph-analysis
2020-04-23 11:43:15.166+0000 [id=77]	INFO	h.model.UpdateCenter$DownloadJob#run: Starting the installation of pipeline-rest-api on behalf of admin
2020-04-23 11:43:16.363+0000 [id=77]	INFO	h.m.UpdateCenter$UpdateCenterConfiguration#download: Downloading pipeline-rest-api
2020-04-23 11:43:16.865+0000 [id=77]	INFO	h.model.UpdateCenter$DownloadJob#run: Installation successful: pipeline-rest-api
2020-04-23 11:43:16.866+0000 [id=77]	INFO	h.model.UpdateCenter$DownloadJob#run: Starting the installation of handlebars on behalf of admin
2020-04-23 11:43:18.428+0000 [id=77]	INFO	h.m.UpdateCenter$UpdateCenterConfiguration#download: Downloading handlebars
2020-04-23 11:43:19.136+0000 [id=77]	INFO	h.model.UpdateCenter$DownloadJob#run: Installation successful: handlebars
2020-04-23 11:43:19.137+0000 [id=77]	INFO	h.model.UpdateCenter$DownloadJob#run: Starting the installation of momentjs on behalf of admin
2020-04-23 11:43:20.412+0000 [id=77]	INFO	h.m.UpdateCenter$UpdateCenterConfiguration#download: Downloading momentjs
2020-04-23 11:43:20.618+0000 [id=77]	INFO	h.model.UpdateCenter$DownloadJob#run: Installation successful: momentjs
2020-04-23 11:43:20.618+0000 [id=77]	INFO	h.model.UpdateCenter$DownloadJob#run: Starting the installation of pipeline-stage-view on behalf of admin
2020-04-23 11:43:22.187+0000 [id=77]	INFO	h.m.UpdateCenter$UpdateCenterConfiguration#download: Downloading pipeline-stage-view
2020-04-23 11:43:23.623+0000 [id=77]	INFO	h.model.UpdateCenter$DownloadJob#run: Installation successful: pipeline-stage-view
2020-04-23 11:43:23.623+0000 [id=77]	INFO	h.model.UpdateCenter$DownloadJob#run: Starting the installation of pipeline-build-step on behalf of admin
2020-04-23 11:43:26.050+0000 [id=77]	INFO	h.m.UpdateCenter$UpdateCenterConfiguration#download: Downloading pipeline-build-step
2020-04-23 11:43:27.539+0000 [id=77]	INFO	h.model.UpdateCenter$DownloadJob#run: Installation successful: pipeline-build-step
2020-04-23 11:43:27.540+0000 [id=77]	INFO	h.model.UpdateCenter$DownloadJob#run: Starting the installation of pipeline-model-api on behalf of admin
2020-04-23 11:43:29.084+0000 [id=77]	INFO	h.m.UpdateCenter$UpdateCenterConfiguration#download: Downloading pipeline-model-api
2020-04-23 11:43:51.274+0000 [id=77]	INFO	h.model.UpdateCenter$DownloadJob#run: Installation successful: pipeline-model-api
2020-04-23 11:43:51.275+0000 [id=77]	INFO	h.model.UpdateCenter$DownloadJob#run: Starting the installation of pipeline-model-extensions on behalf of admin
2020-04-23 11:43:52.664+0000 [id=77]	INFO	h.m.UpdateCenter$UpdateCenterConfiguration#download: Downloading pipeline-model-extensions
2020-04-23 11:43:53.263+0000 [id=77]	INFO	h.model.UpdateCenter$DownloadJob#run: Installation successful: pipeline-model-extensions
2020-04-23 11:43:53.263+0000 [id=77]	INFO	h.model.UpdateCenter$DownloadJob#run: Starting the installation of jsch on behalf of admin
2020-04-23 11:43:54.793+0000 [id=77]	INFO	h.m.UpdateCenter$UpdateCenterConfiguration#download: Downloading jsch
2020-04-23 11:43:56.071+0000 [id=77]	INFO	h.model.UpdateCenter$DownloadJob#run: Installation successful: jsch
2020-04-23 11:43:56.071+0000 [id=77]	INFO	h.model.UpdateCenter$DownloadJob#run: Starting the installation of git-client on behalf of admin
2020-04-23 11:43:57.628+0000 [id=77]	INFO	h.m.UpdateCenter$UpdateCenterConfiguration#download: Downloading git-client
2020-04-23 11:44:59.116+0000 [id=77]	INFO	h.model.UpdateCenter$DownloadJob#run: Installation successful: git-client
2020-04-23 11:44:59.116+0000 [id=77]	INFO	h.model.UpdateCenter$DownloadJob#run: Starting the installation of git-server on behalf of admin
2020-04-23 11:45:00.526+0000 [id=77]	INFO	h.m.UpdateCenter$UpdateCenterConfiguration#download: Downloading git-server
2020-04-23 11:45:01.357+0000 [id=77]	INFO	h.model.UpdateCenter$DownloadJob#run: Installation successful: git-server
2020-04-23 11:45:01.357+0000 [id=77]	INFO	h.model.UpdateCenter$DownloadJob#run: Starting the installation of workflow-cps-global-lib on behalf of admin
2020-04-23 11:45:02.537+0000 [id=77]	INFO	h.m.UpdateCenter$UpdateCenterConfiguration#download: Downloading workflow-cps-global-lib
2020-04-23 11:45:04.396+0000 [id=77]	INFO	h.model.UpdateCenter$DownloadJob#run: Installation successful: workflow-cps-global-lib
2020-04-23 11:45:04.396+0000 [id=77]	INFO	h.model.UpdateCenter$DownloadJob#run: Starting the installation of branch-api on behalf of admin
2020-04-23 11:45:05.567+0000 [id=77]	INFO	h.m.UpdateCenter$UpdateCenterConfiguration#download: Downloading branch-api
2020-04-23 11:45:05.891+0000 [id=77]	INFO	h.model.UpdateCenter$DownloadJob#run: Installation successful: branch-api
2020-04-23 11:45:05.892+0000 [id=77]	INFO	h.model.UpdateCenter$DownloadJob#run: Starting the installation of workflow-multibranch on behalf of admin
2020-04-23 11:45:07.446+0000 [id=77]	INFO	h.m.UpdateCenter$UpdateCenterConfiguration#download: Downloading workflow-multibranch
2020-04-23 11:45:08.091+0000 [id=77]	INFO	h.model.UpdateCenter$DownloadJob#run: Installation successful: workflow-multibranch
2020-04-23 11:45:08.091+0000 [id=77]	INFO	h.model.UpdateCenter$DownloadJob#run: Starting the installation of authentication-tokens on behalf of admin
2020-04-23 11:45:09.358+0000 [id=77]	INFO	h.m.UpdateCenter$UpdateCenterConfiguration#download: Downloading authentication-tokens
2020-04-23 11:45:09.541+0000 [id=77]	INFO	h.model.UpdateCenter$DownloadJob#run: Installation successful: authentication-tokens
2020-04-23 11:45:09.541+0000 [id=77]	INFO	h.model.UpdateCenter$DownloadJob#run: Starting the installation of docker-commons on behalf of admin
2020-04-23 11:45:10.797+0000 [id=77]	INFO	h.m.UpdateCenter$UpdateCenterConfiguration#download: Downloading docker-commons
2020-04-23 11:45:11.508+0000 [id=77]	INFO	h.model.UpdateCenter$DownloadJob#run: Installation successful: docker-commons
2020-04-23 11:45:11.509+0000 [id=77]	INFO	h.model.UpdateCenter$DownloadJob#run: Starting the installation of docker-workflow on behalf of admin
2020-04-23 11:45:13.071+0000 [id=77]	INFO	h.m.UpdateCenter$UpdateCenterConfiguration#download: Downloading docker-workflow
2020-04-23 11:45:15.799+0000 [id=77]	INFO	h.model.UpdateCenter$DownloadJob#run: Installation successful: docker-workflow
2020-04-23 11:45:15.799+0000 [id=77]	INFO	h.model.UpdateCenter$DownloadJob#run: Starting the installation of pipeline-stage-tags-metadata on behalf of admin
2020-04-23 11:45:17.086+0000 [id=77]	INFO	h.m.UpdateCenter$UpdateCenterConfiguration#download: Downloading pipeline-stage-tags-metadata
2020-04-23 11:45:17.269+0000 [id=77]	INFO	h.model.UpdateCenter$DownloadJob#run: Installation successful: pipeline-stage-tags-metadata
2020-04-23 11:45:17.269+0000 [id=77]	INFO	h.model.UpdateCenter$DownloadJob#run: Starting the installation of pipeline-model-declarative-agent on behalf of admin
2020-04-23 11:45:18.674+0000 [id=77]	INFO	h.m.UpdateCenter$UpdateCenterConfiguration#download: Downloading pipeline-model-declarative-agent
2020-04-23 11:45:18.797+0000 [id=77]	INFO	h.model.UpdateCenter$DownloadJob#run: Installation successful: pipeline-model-declarative-agent
2020-04-23 11:45:18.797+0000 [id=77]	INFO	h.model.UpdateCenter$DownloadJob#run: Starting the installation of pipeline-model-definition on behalf of admin
2020-04-23 11:45:20.060+0000 [id=77]	INFO	h.m.UpdateCenter$UpdateCenterConfiguration#download: Downloading pipeline-model-definition
2020-04-23 11:45:29.698+0000 [id=77]	INFO	h.model.UpdateCenter$DownloadJob#run: Installation successful: pipeline-model-definition
2020-04-23 11:45:29.699+0000 [id=77]	INFO	h.model.UpdateCenter$DownloadJob#run: Starting the installation of lockable-resources on behalf of admin
2020-04-23 11:45:31.083+0000 [id=77]	INFO	h.m.UpdateCenter$UpdateCenterConfiguration#download: Downloading lockable-resources
2020-04-23 11:45:31.561+0000 [id=77]	INFO	h.model.UpdateCenter$DownloadJob#run: Installation successful: lockable-resources
2020-04-23 11:45:31.561+0000 [id=77]	INFO	h.model.UpdateCenter$DownloadJob#run: Starting the installation of workflow-aggregator on behalf of admin
2020-04-23 11:45:33.127+0000 [id=77]	INFO	h.m.UpdateCenter$UpdateCenterConfiguration#download: Downloading workflow-aggregator
2020-04-23 11:45:33.231+0000 [id=77]	INFO	h.model.UpdateCenter$DownloadJob#run: Installation successful: workflow-aggregator
2020-04-23 11:45:33.231+0000 [id=77]	INFO	h.model.UpdateCenter$DownloadJob#run: Starting the installation of github-api on behalf of admin
2020-04-23 11:45:34.751+0000 [id=77]	INFO	h.m.UpdateCenter$UpdateCenterConfiguration#download: Downloading github-api
2020-04-23 11:45:37.853+0000 [id=77]	INFO	h.model.UpdateCenter$DownloadJob#run: Installation successful: github-api
2020-04-23 11:45:37.854+0000 [id=77]	INFO	h.model.UpdateCenter$DownloadJob#run: Starting the installation of git on behalf of admin
2020-04-23 11:45:39.092+0000 [id=77]	INFO	h.m.UpdateCenter$UpdateCenterConfiguration#download: Downloading git
2020-04-23 11:45:43.402+0000 [id=77]	INFO	h.model.UpdateCenter$DownloadJob#run: Installation successful: git
2020-04-23 11:45:43.402+0000 [id=77]	INFO	h.model.UpdateCenter$DownloadJob#run: Starting the installation of github on behalf of admin
2020-04-23 11:45:44.648+0000 [id=77]	INFO	h.m.UpdateCenter$UpdateCenterConfiguration#download: Downloading github
2020-04-23 11:45:49.791+0000 [id=77]	INFO	h.model.UpdateCenter$DownloadJob#run: Installation successful: github
2020-04-23 11:45:49.791+0000 [id=77]	INFO	h.model.UpdateCenter$DownloadJob#run: Starting the installation of github-branch-source on behalf of admin
2020-04-23 11:45:51.338+0000 [id=77]	INFO	h.m.UpdateCenter$UpdateCenterConfiguration#download: Downloading github-branch-source
2020-04-23 11:45:52.653+0000 [id=77]	INFO	h.model.UpdateCenter$DownloadJob#run: Installation successful: github-branch-source
2020-04-23 11:45:52.653+0000 [id=77]	INFO	h.model.UpdateCenter$DownloadJob#run: Starting the installation of pipeline-github-lib on behalf of admin
2020-04-23 11:45:54.032+0000 [id=77]	INFO	h.m.UpdateCenter$UpdateCenterConfiguration#download: Downloading pipeline-github-lib
2020-04-23 11:45:54.159+0000 [id=77]	INFO	h.model.UpdateCenter$DownloadJob#run: Installation successful: pipeline-github-lib
2020-04-23 11:45:54.159+0000 [id=77]	INFO	h.model.UpdateCenter$DownloadJob#run: Starting the installation of pipeline-stage-view on behalf of admin
2020-04-23 11:45:54.160+0000 [id=77]	INFO	h.m.UpdateCenter$InstallationJob#_run: Skipping duplicate install of: Pipeline: Stage View@2.13
2020-04-23 11:45:54.160+0000 [id=77]	INFO	h.model.UpdateCenter$DownloadJob#run: Installation successful: pipeline-stage-view
2020-04-23 11:45:54.160+0000 [id=77]	INFO	h.model.UpdateCenter$DownloadJob#run: Starting the installation of git on behalf of admin
2020-04-23 11:45:54.160+0000 [id=77]	INFO	h.m.UpdateCenter$InstallationJob#_run: Skipping duplicate install of: Git@4.2.2
2020-04-23 11:45:54.160+0000 [id=77]	INFO	h.model.UpdateCenter$DownloadJob#run: Installation successful: git
2020-04-23 11:45:54.160+0000 [id=77]	INFO	h.model.UpdateCenter$DownloadJob#run: Starting the installation of mapdb-api on behalf of admin
2020-04-23 11:45:55.413+0000 [id=77]	INFO	h.m.UpdateCenter$UpdateCenterConfiguration#download: Downloading mapdb-api
2020-04-23 11:45:58.700+0000 [id=77]	INFO	h.model.UpdateCenter$DownloadJob#run: Installation successful: mapdb-api
2020-04-23 11:45:58.701+0000 [id=77]	INFO	h.model.UpdateCenter$DownloadJob#run: Starting the installation of subversion on behalf of admin
2020-04-23 11:46:01.869+0000 [id=77]	INFO	h.m.UpdateCenter$UpdateCenterConfiguration#download: Downloading subversion
2020-04-23 11:48:00.193+0000 [id=77]	INFO	h.model.UpdateCenter$DownloadJob#run: Installation successful: subversion
2020-04-23 11:48:00.193+0000 [id=77]	INFO	h.model.UpdateCenter$DownloadJob#run: Starting the installation of ssh-slaves on behalf of admin
2020-04-23 11:48:01.774+0000 [id=77]	INFO	h.m.UpdateCenter$UpdateCenterConfiguration#download: Downloading ssh-slaves
2020-04-23 11:48:07.439+0000 [id=77]	INFO	h.model.UpdateCenter$DownloadJob#run: Installation successful: ssh-slaves
2020-04-23 11:48:07.440+0000 [id=77]	INFO	h.model.UpdateCenter$DownloadJob#run: Starting the installation of matrix-auth on behalf of admin
2020-04-23 11:48:08.853+0000 [id=77]	INFO	h.m.UpdateCenter$UpdateCenterConfiguration#download: Downloading matrix-auth
2020-04-23 11:48:11.115+0000 [id=77]	INFO	h.model.UpdateCenter$DownloadJob#run: Installation successful: matrix-auth
2020-04-23 11:48:11.115+0000 [id=77]	INFO	h.model.UpdateCenter$DownloadJob#run: Starting the installation of pam-auth on behalf of admin
2020-04-23 11:48:12.676+0000 [id=77]	INFO	h.m.UpdateCenter$UpdateCenterConfiguration#download: Downloading pam-auth
2020-04-23 11:48:52.957+0000 [id=77]	INFO	h.model.UpdateCenter$DownloadJob#run: Installation successful: pam-auth
2020-04-23 11:48:52.958+0000 [id=77]	INFO	h.model.UpdateCenter$DownloadJob#run: Starting the installation of ldap on behalf of admin
2020-04-23 11:48:55.724+0000 [id=77]	INFO	h.m.UpdateCenter$UpdateCenterConfiguration#download: Downloading ldap
2020-04-23 11:48:56.961+0000 [id=77]	INFO	h.model.UpdateCenter$DownloadJob#run: Installation successful: ldap
2020-04-23 11:48:56.961+0000 [id=77]	INFO	h.model.UpdateCenter$DownloadJob#run: Starting the installation of email-ext on behalf of admin
2020-04-23 11:48:58.371+0000 [id=77]	INFO	h.m.UpdateCenter$UpdateCenterConfiguration#download: Downloading email-ext
2020-04-23 11:49:20.056+0000 [id=77]	INFO	h.model.UpdateCenter$DownloadJob#run: Installation successful: email-ext
2020-04-23 11:49:20.056+0000 [id=77]	INFO	h.model.UpdateCenter$DownloadJob#run: Starting the installation of mailer on behalf of admin
2020-04-23 11:49:20.056+0000 [id=77]	INFO	h.m.UpdateCenter$InstallationJob#_run: Skipping duplicate install of: Mailer@1.32
2020-04-23 11:49:20.056+0000 [id=77]	INFO	h.model.UpdateCenter$DownloadJob#run: Installation successful: mailer
2020-04-23 11:49:20.056+0000 [id=77]	INFO	h.m.UpdateCenter$CompleteBatchJob#run: Completing installing of plugin batch…
2020-04-23 11:49:29.085+0000 [id=77]	INFO	h.m.DownloadService$Downloadable#load: Obtained the updated data file for hudson.tools.JDKInstaller
2020-04-23 11:49:29.188+0000 [id=77]	INFO	h.ExtensionFinder$GuiceFinder$FaultTolerantScope$1#error: Failed to instantiate optional component hudson.plugins.build_timeout.operations.AbortAndRestartOperation$DescriptorImpl; skipping
2020-04-23 11:49:29.683+0000 [id=77]	INFO	h.m.DownloadService$Downloadable#load: Obtained the updated data file for hudson.tasks.Ant.AntInstaller
2020-04-23 11:49:30.412+0000 [id=77]	INFO	h.m.DownloadService$Downloadable#load: Obtained the updated data file for hudson.plugins.gradle.GradleInstaller
2020-04-23 11:49:31.588+0000 [id=77]	INFO	h.ExtensionFinder$GuiceFinder$FaultTolerantScope$1#error: Failed to instantiate optional component hudson.plugins.build_timeout.operations.AbortAndRestartOperation$DescriptorImpl; skipping
2020-04-23 11:49:31.595+0000 [id=77]	INFO	h.ExtensionFinder$GuiceFinder$FaultTolerantScope$1#error: Failed to instantiate optional component hudson.plugins.build_timeout.operations.AbortAndRestartOperation$DescriptorImpl; skipping
2020-04-23 11:49:31.600+0000 [id=77]	INFO	h.ExtensionFinder$GuiceFinder$FaultTolerantScope$1#error: Failed to instantiate optional component hudson.plugins.build_timeout.operations.AbortAndRestartOperation$DescriptorImpl; skipping
2020-04-23 11:49:31.605+0000 [id=77]	INFO	h.ExtensionFinder$GuiceFinder$FaultTolerantScope$1#error: Failed to instantiate optional component hudson.plugins.build_timeout.operations.AbortAndRestartOperation$DescriptorImpl; skipping
2020-04-23 11:49:31.610+0000 [id=77]	INFO	h.ExtensionFinder$GuiceFinder$FaultTolerantScope$1#error: Failed to instantiate optional component hudson.plugins.build_timeout.operations.AbortAndRestartOperation$DescriptorImpl; skipping
2020-04-23 11:49:31.682+0000 [id=96]	INFO	jenkins.InitReactorRunner$1#onAttained: Started initialization
2020-04-23 11:49:31.683+0000 [id=97]	INFO	jenkins.InitReactorRunner$1#onAttained: Listed all plugins
2020-04-23 11:49:31.684+0000 [id=100]	INFO	jenkins.InitReactorRunner$1#onAttained: Prepared all plugins
2020-04-23 11:49:31.684+0000 [id=97]	INFO	jenkins.InitReactorRunner$1#onAttained: Started all plugins
2020-04-23 11:49:31.718+0000 [id=102]	INFO	jenkins.InitReactorRunner$1#onAttained: Augmented all extensions
2020-04-23 11:49:31.754+0000 [id=97]	INFO	jenkins.InitReactorRunner$1#onAttained: Loaded all jobs
2020-04-23 11:49:32.422+0000 [id=96]	INFO	jenkins.InitReactorRunner$1#onAttained: Completed initialization
2020-04-23 11:49:32.844+0000 [id=77]	INFO	h.m.UpdateCenter$CompleteBatchJob#run: Completed installation of 74 plugins in 9 min 39 sec
2020-04-23 11:55:36.644+0000 [id=8]	INFO	j.s.JnlpSlaveAgentProtocol3$Impl#allows: Inbound TCP Agent Protocol/3 has been forcibly disabled for additional security reasons. To enable it yet again set the system property jenkins.slaves.JnlpSlaveAgentProtocol3.ALLOW_UNSAFE
2020-04-23 11:57:37.610+0000 [id=9]	INFO	o.s.c.s.AbstractApplicationContext#prepareRefresh: Refreshing org.springframework.web.context.support.StaticWebApplicationContext@19e47: display name [Root WebApplicationContext]; startup date [Thu Apr 23 17:27:37 IST 2020]; root of context hierarchy
2020-04-23 11:57:37.611+0000 [id=9]	INFO	o.s.c.s.AbstractApplicationContext#obtainFreshBeanFactory: Bean factory for application context [org.springframework.web.context.support.StaticWebApplicationContext@19e47]: org.springframework.beans.factory.support.DefaultListableBeanFactory@14ce437
2020-04-23 11:57:37.611+0000 [id=9]	INFO	o.s.b.f.s.DefaultListableBeanFactory#preInstantiateSingletons: Pre-instantiating singletons in org.springframework.beans.factory.support.DefaultListableBeanFactory@14ce437: defining beans [authenticationManager]; root of factory hierarchy
2020-04-23 11:57:37.754+0000 [id=9]	INFO	o.s.c.s.AbstractApplicationContext#prepareRefresh: Refreshing org.springframework.web.context.support.StaticWebApplicationContext@9e7715: display name [Root WebApplicationContext]; startup date [Thu Apr 23 17:27:37 IST 2020]; root of context hierarchy
2020-04-23 11:57:37.755+0000 [id=9]	INFO	o.s.c.s.AbstractApplicationContext#obtainFreshBeanFactory: Bean factory for application context [org.springframework.web.context.support.StaticWebApplicationContext@9e7715]: org.springframework.beans.factory.support.DefaultListableBeanFactory@69604a
2020-04-23 11:57:37.756+0000 [id=9]	INFO	o.s.b.f.s.DefaultListableBeanFactory#preInstantiateSingletons: Pre-instantiating singletons in org.springframework.beans.factory.support.DefaultListableBeanFactory@69604a: defining beans [filter,legacy]; root of factory hierarchy
2020-04-23 12:41:42.042+0000 [id=118]	INFO	hudson.model.AsyncPeriodicWork#lambda$doRun$0: Started Fingerprint cleanup
2020-04-23 12:41:42.048+0000 [id=118]	INFO	hudson.model.AsyncPeriodicWork#lambda$doRun$0: Finished Fingerprint cleanup. 3 ms
2020-04-23 18:30:11.889+0000 [id=1]	INFO	org.eclipse.jetty.util.log.Log#initialized: Logging initialized @2648ms to org.eclipse.jetty.util.log.JavaUtilLog
2020-04-23 18:30:12.125+0000 [id=1]	INFO	winstone.Logger#logInternal: Beginning extraction from war file
2020-04-23 18:30:12.228+0000 [id=1]	WARNING	o.e.j.s.handler.ContextHandler#setContextPath: Empty contextPath
2020-04-23 18:30:12.316+0000 [id=1]	INFO	org.eclipse.jetty.server.Server#doStart: jetty-9.4.z-SNAPSHOT; built: 2019-05-02T00:04:53.875Z; git: e1bc35120a6617ee3df052294e433f3a25ce7097; jvm 1.8.0_144-b01
2020-04-23 18:30:19.717+0000 [id=1]	INFO	o.e.j.w.StandardDescriptorProcessor#visitServlet: NO JSP Support for /, did not find org.eclipse.jetty.jsp.JettyJspServlet
2020-04-23 18:30:19.804+0000 [id=1]	INFO	o.e.j.s.s.DefaultSessionIdManager#doStart: DefaultSessionIdManager workerName=node0
2020-04-23 18:30:19.804+0000 [id=1]	INFO	o.e.j.s.s.DefaultSessionIdManager#doStart: No SessionScavenger set, using defaults
2020-04-23 18:30:19.815+0000 [id=1]	INFO	o.e.j.server.session.HouseKeeper#startScavenging: node0 Scavenging every 600000ms
2020-04-23 18:30:20.748+0000 [id=1]	INFO	hudson.WebAppMain#contextInitialized: Jenkins home directory: C:\Program Files (x86)\Jenkins found at: EnvVars.masterEnvVars.get("JENKINS_HOME")
2020-04-23 18:30:21.002+0000 [id=1]	INFO	o.e.j.s.handler.ContextHandler#doStart: Started w.@959ca4{Jenkins v2.204.5,/,file:///C:/Program%20Files%20(x86)/Jenkins/war/,AVAILABLE}{C:\Program Files (x86)\Jenkins\war}
2020-04-23 18:30:21.061+0000 [id=1]	INFO	o.e.j.server.AbstractConnector#doStart: Started ServerConnector@407d53{HTTP/1.1,[http/1.1]}{0.0.0.0:8080}
2020-04-23 18:30:21.061+0000 [id=1]	INFO	org.eclipse.jetty.server.Server#doStart: Started @11821ms
2020-04-23 18:30:21.062+0000 [id=19]	INFO	winstone.Logger#logInternal: Winstone Servlet Engine v4.0 running: controlPort=disabled
2020-04-23 12:59:45.915+0000 [id=26]	INFO	jenkins.InitReactorRunner$1#onAttained: Started initialization
2020-04-23 12:59:53.268+0000 [id=26]	INFO	jenkins.InitReactorRunner$1#onAttained: Listed all plugins
2020-04-23 18:31:57.266+0000 [id=1]	INFO	org.eclipse.jetty.util.log.Log#initialized: Logging initialized @3772ms to org.eclipse.jetty.util.log.JavaUtilLog
2020-04-23 18:31:57.535+0000 [id=1]	INFO	winstone.Logger#logInternal: Beginning extraction from war file
2020-04-23 18:31:57.646+0000 [id=1]	WARNING	o.e.j.s.handler.ContextHandler#setContextPath: Empty contextPath
2020-04-23 18:31:57.746+0000 [id=1]	INFO	org.eclipse.jetty.server.Server#doStart: jetty-9.4.z-SNAPSHOT; built: 2019-05-02T00:04:53.875Z; git: e1bc35120a6617ee3df052294e433f3a25ce7097; jvm 1.8.0_144-b01
2020-04-23 18:32:06.226+0000 [id=1]	INFO	o.e.j.w.StandardDescriptorProcessor#visitServlet: NO JSP Support for /, did not find org.eclipse.jetty.jsp.JettyJspServlet
2020-04-23 18:32:06.311+0000 [id=1]	INFO	o.e.j.s.s.DefaultSessionIdManager#doStart: DefaultSessionIdManager workerName=node0
2020-04-23 18:32:06.311+0000 [id=1]	INFO	o.e.j.s.s.DefaultSessionIdManager#doStart: No SessionScavenger set, using defaults
2020-04-23 18:32:06.320+0000 [id=1]	INFO	o.e.j.server.session.HouseKeeper#startScavenging: node0 Scavenging every 660000ms
2020-04-23 13:01:30.069+0000 [id=1]	INFO	hudson.WebAppMain#contextInitialized: Jenkins home directory: C:\Program Files (x86)\Jenkins found at: EnvVars.masterEnvVars.get("JENKINS_HOME")
2020-04-23 13:01:30.374+0000 [id=1]	INFO	o.e.j.s.handler.ContextHandler#doStart: Started w.@959ca4{Jenkins v2.204.5,/,file:///C:/Program%20Files%20(x86)/Jenkins/war/,AVAILABLE}{C:\Program Files (x86)\Jenkins\war}
2020-04-23 13:01:30.442+0000 [id=1]	INFO	o.e.j.server.AbstractConnector#doStart: Started ServerConnector@407d53{HTTP/1.1,[http/1.1]}{0.0.0.0:8080}
2020-04-23 13:01:30.443+0000 [id=1]	INFO	org.eclipse.jetty.server.Server#doStart: Started @14271ms
2020-04-23 13:01:30.444+0000 [id=19]	INFO	winstone.Logger#logInternal: Winstone Servlet Engine v4.0 running: controlPort=disabled
2020-04-23 13:01:32.505+0000 [id=26]	INFO	jenkins.InitReactorRunner$1#onAttained: Started initialization
2020-04-23 13:01:40.299+0000 [id=25]	INFO	jenkins.InitReactorRunner$1#onAttained: Listed all plugins
2020-04-23 13:01:48.819+0000 [id=24]	INFO	jenkins.InitReactorRunner$1#onAttained: Prepared all plugins
2020-04-23 13:01:48.855+0000 [id=29]	INFO	jenkins.InitReactorRunner$1#onAttained: Started all plugins
2020-04-23 13:01:50.336+0000 [id=29]	INFO	h.ExtensionFinder$GuiceFinder$FaultTolerantScope$1#error: Failed to instantiate optional component hudson.plugins.build_timeout.operations.AbortAndRestartOperation$DescriptorImpl; skipping
2020-04-23 13:01:51.595+0000 [id=27]	INFO	jenkins.InitReactorRunner$1#onAttained: Augmented all extensions
2020-04-23 13:01:51.674+0000 [id=30]	INFO	jenkins.InitReactorRunner$1#onAttained: Loaded all jobs
2020-04-23 13:01:51.697+0000 [id=44]	INFO	hudson.model.AsyncPeriodicWork#lambda$doRun$0: Started Download metadata
2020-04-23 13:01:51.746+0000 [id=44]	INFO	hudson.model.AsyncPeriodicWork#lambda$doRun$0: Finished Download metadata. 35 ms
2020-04-23 13:01:52.411+0000 [id=24]	INFO	o.s.c.s.AbstractApplicationContext#prepareRefresh: Refreshing org.springframework.web.context.support.StaticWebApplicationContext@13d0d06: display name [Root WebApplicationContext]; startup date [Thu Apr 23 18:31:52 IST 2020]; root of context hierarchy
2020-04-23 13:01:52.411+0000 [id=24]	INFO	o.s.c.s.AbstractApplicationContext#obtainFreshBeanFactory: Bean factory for application context [org.springframework.web.context.support.StaticWebApplicationContext@13d0d06]: org.springframework.beans.factory.support.DefaultListableBeanFactory@76b38a
2020-04-23 13:01:52.444+0000 [id=24]	INFO	o.s.b.f.s.DefaultListableBeanFactory#preInstantiateSingletons: Pre-instantiating singletons in org.springframework.beans.factory.support.DefaultListableBeanFactory@76b38a: defining beans [authenticationManager]; root of factory hierarchy
2020-04-23 13:01:52.710+0000 [id=24]	INFO	o.s.c.s.AbstractApplicationContext#prepareRefresh: Refreshing org.springframework.web.context.support.StaticWebApplicationContext@2b668b: display name [Root WebApplicationContext]; startup date [Thu Apr 23 18:31:52 IST 2020]; root of context hierarchy
2020-04-23 13:01:52.710+0000 [id=24]	INFO	o.s.c.s.AbstractApplicationContext#obtainFreshBeanFactory: Bean factory for application context [org.springframework.web.context.support.StaticWebApplicationContext@2b668b]: org.springframework.beans.factory.support.DefaultListableBeanFactory@bb82d4
2020-04-23 13:01:52.711+0000 [id=24]	INFO	o.s.b.f.s.DefaultListableBeanFactory#preInstantiateSingletons: Pre-instantiating singletons in org.springframework.beans.factory.support.DefaultListableBeanFactory@bb82d4: defining beans [filter,legacy]; root of factory hierarchy
2020-04-23 13:01:52.808+0000 [id=24]	INFO	jenkins.InitReactorRunner$1#onAttained: Completed initialization
2020-04-23 13:01:52.846+0000 [id=18]	INFO	hudson.WebAppMain$3#run: Jenkins is fully up and running
2020-04-23 22:26:13.732+0000 [id=1]	INFO	org.eclipse.jetty.util.log.Log#initialized: Logging initialized @2176ms to org.eclipse.jetty.util.log.JavaUtilLog
2020-04-23 22:26:13.968+0000 [id=1]	INFO	winstone.Logger#logInternal: Beginning extraction from war file
2020-04-23 22:26:14.067+0000 [id=1]	WARNING	o.e.j.s.handler.ContextHandler#setContextPath: Empty contextPath
2020-04-23 22:26:14.148+0000 [id=1]	INFO	org.eclipse.jetty.server.Server#doStart: jetty-9.4.z-SNAPSHOT; built: 2019-05-02T00:04:53.875Z; git: e1bc35120a6617ee3df052294e433f3a25ce7097; jvm 1.8.0_144-b01
2020-04-23 22:26:21.399+0000 [id=1]	INFO	o.e.j.w.StandardDescriptorProcessor#visitServlet: NO JSP Support for /, did not find org.eclipse.jetty.jsp.JettyJspServlet
2020-04-23 22:26:21.511+0000 [id=1]	INFO	o.e.j.s.s.DefaultSessionIdManager#doStart: DefaultSessionIdManager workerName=node0
2020-04-23 22:26:21.511+0000 [id=1]	INFO	o.e.j.s.s.DefaultSessionIdManager#doStart: No SessionScavenger set, using defaults
2020-04-23 22:26:21.522+0000 [id=1]	INFO	o.e.j.server.session.HouseKeeper#startScavenging: node0 Scavenging every 660000ms
2020-04-23 22:26:22.705+0000 [id=1]	INFO	hudson.WebAppMain#contextInitialized: Jenkins home directory: C:\Program Files (x86)\Jenkins found at: EnvVars.masterEnvVars.get("JENKINS_HOME")
2020-04-23 22:26:23.068+0000 [id=1]	INFO	o.e.j.s.handler.ContextHandler#doStart: Started w.@959ca4{Jenkins v2.204.5,/,file:///C:/Program%20Files%20(x86)/Jenkins/war/,AVAILABLE}{C:\Program Files (x86)\Jenkins\war}
2020-04-23 22:26:23.134+0000 [id=1]	INFO	o.e.j.server.AbstractConnector#doStart: Started ServerConnector@407d53{HTTP/1.1,[http/1.1]}{0.0.0.0:8080}
2020-04-23 22:26:23.135+0000 [id=1]	INFO	org.eclipse.jetty.server.Server#doStart: Started @11581ms
2020-04-23 22:26:23.137+0000 [id=19]	INFO	winstone.Logger#logInternal: Winstone Servlet Engine v4.0 running: controlPort=disabled
2020-04-23 16:55:47.742+0000 [id=26]	INFO	jenkins.InitReactorRunner$1#onAttained: Started initialization
2020-04-23 16:55:58.488+0000 [id=27]	INFO	jenkins.InitReactorRunner$1#onAttained: Listed all plugins
2020-04-23 16:56:07.104+0000 [id=26]	INFO	jenkins.InitReactorRunner$1#onAttained: Prepared all plugins
2020-04-23 16:56:07.130+0000 [id=31]	INFO	jenkins.InitReactorRunner$1#onAttained: Started all plugins
2020-04-23 16:56:08.572+0000 [id=31]	INFO	h.ExtensionFinder$GuiceFinder$FaultTolerantScope$1#error: Failed to instantiate optional component hudson.plugins.build_timeout.operations.AbortAndRestartOperation$DescriptorImpl; skipping
2020-04-23 16:56:09.750+0000 [id=31]	INFO	jenkins.InitReactorRunner$1#onAttained: Augmented all extensions
2020-04-23 16:56:09.817+0000 [id=31]	INFO	jenkins.InitReactorRunner$1#onAttained: Loaded all jobs
2020-04-23 16:56:09.877+0000 [id=44]	INFO	hudson.model.AsyncPeriodicWork#lambda$doRun$0: Started Download metadata
2020-04-23 16:56:09.890+0000 [id=44]	INFO	hudson.model.AsyncPeriodicWork#lambda$doRun$0: Finished Download metadata. 11 ms
2020-04-23 16:56:10.562+0000 [id=27]	INFO	o.s.c.s.AbstractApplicationContext#prepareRefresh: Refreshing org.springframework.web.context.support.StaticWebApplicationContext@251e13: display name [Root WebApplicationContext]; startup date [Thu Apr 23 22:26:10 IST 2020]; root of context hierarchy
2020-04-23 16:56:10.563+0000 [id=27]	INFO	o.s.c.s.AbstractApplicationContext#obtainFreshBeanFactory: Bean factory for application context [org.springframework.web.context.support.StaticWebApplicationContext@251e13]: org.springframework.beans.factory.support.DefaultListableBeanFactory@18cadfb
2020-04-23 16:56:10.584+0000 [id=27]	INFO	o.s.b.f.s.DefaultListableBeanFactory#preInstantiateSingletons: Pre-instantiating singletons in org.springframework.beans.factory.support.DefaultListableBeanFactory@18cadfb: defining beans [authenticationManager]; root of factory hierarchy
2020-04-23 16:56:10.853+0000 [id=27]	INFO	o.s.c.s.AbstractApplicationContext#prepareRefresh: Refreshing org.springframework.web.context.support.StaticWebApplicationContext@34773d: display name [Root WebApplicationContext]; startup date [Thu Apr 23 22:26:10 IST 2020]; root of context hierarchy
2020-04-23 16:56:10.853+0000 [id=27]	INFO	o.s.c.s.AbstractApplicationContext#obtainFreshBeanFactory: Bean factory for application context [org.springframework.web.context.support.StaticWebApplicationContext@34773d]: org.springframework.beans.factory.support.DefaultListableBeanFactory@1ee3edb
2020-04-23 16:56:10.854+0000 [id=27]	INFO	o.s.b.f.s.DefaultListableBeanFactory#preInstantiateSingletons: Pre-instantiating singletons in org.springframework.beans.factory.support.DefaultListableBeanFactory@1ee3edb: defining beans [filter,legacy]; root of factory hierarchy
2020-04-23 16:56:10.944+0000 [id=27]	INFO	jenkins.InitReactorRunner$1#onAttained: Completed initialization
2020-04-23 16:56:10.980+0000 [id=18]	INFO	hudson.WebAppMain$3#run: Jenkins is fully up and running
2020-04-23 22:33:25.735+0000 [id=1]	INFO	org.eclipse.jetty.util.log.Log#initialized: Logging initialized @2840ms to org.eclipse.jetty.util.log.JavaUtilLog
2020-04-23 22:33:26.038+0000 [id=1]	INFO	winstone.Logger#logInternal: Beginning extraction from war file
2020-04-23 22:33:26.142+0000 [id=1]	WARNING	o.e.j.s.handler.ContextHandler#setContextPath: Empty contextPath
2020-04-23 22:33:26.229+0000 [id=1]	INFO	org.eclipse.jetty.server.Server#doStart: jetty-9.4.z-SNAPSHOT; built: 2019-05-02T00:04:53.875Z; git: e1bc35120a6617ee3df052294e433f3a25ce7097; jvm 1.8.0_144-b01
2020-04-23 22:33:33.733+0000 [id=1]	INFO	o.e.j.w.StandardDescriptorProcessor#visitServlet: NO JSP Support for /, did not find org.eclipse.jetty.jsp.JettyJspServlet
2020-04-23 22:33:33.848+0000 [id=1]	INFO	o.e.j.s.s.DefaultSessionIdManager#doStart: DefaultSessionIdManager workerName=node0
2020-04-23 22:33:33.848+0000 [id=1]	INFO	o.e.j.s.s.DefaultSessionIdManager#doStart: No SessionScavenger set, using defaults
2020-04-23 22:33:33.857+0000 [id=1]	INFO	o.e.j.server.session.HouseKeeper#startScavenging: node0 Scavenging every 600000ms
2020-04-23 22:33:35.037+0000 [id=1]	INFO	hudson.WebAppMain#contextInitialized: Jenkins home directory: C:\Program Files (x86)\Jenkins found at: EnvVars.masterEnvVars.get("JENKINS_HOME")
2020-04-23 22:33:35.424+0000 [id=1]	INFO	o.e.j.s.handler.ContextHandler#doStart: Started w.@959ca4{Jenkins v2.204.5,/,file:///C:/Program%20Files%20(x86)/Jenkins/war/,AVAILABLE}{C:\Program Files (x86)\Jenkins\war}
2020-04-23 22:33:35.479+0000 [id=1]	INFO	o.e.j.server.AbstractConnector#doStart: Started ServerConnector@407d53{HTTP/1.1,[http/1.1]}{0.0.0.0:8080}
2020-04-23 22:33:35.479+0000 [id=1]	INFO	org.eclipse.jetty.server.Server#doStart: Started @12586ms
2020-04-23 22:33:35.481+0000 [id=19]	INFO	winstone.Logger#logInternal: Winstone Servlet Engine v4.0 running: controlPort=disabled
2020-04-23 17:02:59.938+0000 [id=26]	INFO	jenkins.InitReactorRunner$1#onAttained: Started initialization
2020-04-23 22:34:30.272+0000 [id=1]	INFO	org.eclipse.jetty.util.log.Log#initialized: Logging initialized @2242ms to org.eclipse.jetty.util.log.JavaUtilLog
2020-04-23 22:34:30.512+0000 [id=1]	INFO	winstone.Logger#logInternal: Beginning extraction from war file
2020-04-23 22:34:30.636+0000 [id=1]	WARNING	o.e.j.s.handler.ContextHandler#setContextPath: Empty contextPath
2020-04-23 22:34:30.733+0000 [id=1]	INFO	org.eclipse.jetty.server.Server#doStart: jetty-9.4.z-SNAPSHOT; built: 2019-05-02T00:04:53.875Z; git: e1bc35120a6617ee3df052294e433f3a25ce7097; jvm 1.8.0_144-b01
2020-04-23 22:34:37.380+0000 [id=1]	INFO	o.e.j.w.StandardDescriptorProcessor#visitServlet: NO JSP Support for /, did not find org.eclipse.jetty.jsp.JettyJspServlet
2020-04-23 22:34:37.467+0000 [id=1]	INFO	o.e.j.s.s.DefaultSessionIdManager#doStart: DefaultSessionIdManager workerName=node0
2020-04-23 22:34:37.467+0000 [id=1]	INFO	o.e.j.s.s.DefaultSessionIdManager#doStart: No SessionScavenger set, using defaults
2020-04-23 22:34:37.474+0000 [id=1]	INFO	o.e.j.server.session.HouseKeeper#startScavenging: node0 Scavenging every 600000ms
2020-04-23 22:34:38.427+0000 [id=1]	INFO	hudson.WebAppMain#contextInitialized: Jenkins home directory: C:\Program Files (x86)\Jenkins found at: EnvVars.masterEnvVars.get("JENKINS_HOME")
2020-04-23 22:34:38.704+0000 [id=1]	INFO	o.e.j.s.handler.ContextHandler#doStart: Started w.@959ca4{Jenkins v2.204.5,/,file:///C:/Program%20Files%20(x86)/Jenkins/war/,AVAILABLE}{C:\Program Files (x86)\Jenkins\war}
2020-04-23 22:34:38.771+0000 [id=1]	INFO	o.e.j.server.AbstractConnector#doStart: Started ServerConnector@407d53{HTTP/1.1,[http/1.1]}{0.0.0.0:8080}
2020-04-23 22:34:38.772+0000 [id=1]	INFO	org.eclipse.jetty.server.Server#doStart: Started @10744ms
2020-04-23 22:34:38.774+0000 [id=19]	INFO	winstone.Logger#logInternal: Winstone Servlet Engine v4.0 running: controlPort=disabled
2020-04-23 22:34:40.600+0000 [id=26]	INFO	jenkins.InitReactorRunner$1#onAttained: Started initialization
2020-06-22 20:53:54.746+0000 [id=1]	INFO	org.eclipse.jetty.util.log.Log#initialized: Logging initialized @3056ms to org.eclipse.jetty.util.log.JavaUtilLog
2020-06-22 20:53:55.115+0000 [id=1]	INFO	winstone.Logger#logInternal: Beginning extraction from war file
2020-06-22 20:53:55.304+0000 [id=1]	WARNING	o.e.j.s.handler.ContextHandler#setContextPath: Empty contextPath
2020-06-22 20:53:55.421+0000 [id=1]	INFO	org.eclipse.jetty.server.Server#doStart: jetty-9.4.z-SNAPSHOT; built: 2019-05-02T00:04:53.875Z; git: e1bc35120a6617ee3df052294e433f3a25ce7097; jvm 1.8.0_144-b01
2020-06-22 20:54:04.981+0000 [id=1]	INFO	o.e.j.w.StandardDescriptorProcessor#visitServlet: NO JSP Support for /, did not find org.eclipse.jetty.jsp.JettyJspServlet
2020-06-22 20:54:05.111+0000 [id=1]	INFO	o.e.j.s.s.DefaultSessionIdManager#doStart: DefaultSessionIdManager workerName=node0
2020-06-22 20:54:05.111+0000 [id=1]	INFO	o.e.j.s.s.DefaultSessionIdManager#doStart: No SessionScavenger set, using defaults
2020-06-22 20:54:05.128+0000 [id=1]	INFO	o.e.j.server.session.HouseKeeper#startScavenging: node0 Scavenging every 660000ms
2020-06-22 16:23:52.129+0000 [id=1]	INFO	hudson.WebAppMain#contextInitialized: Jenkins home directory: C:\Program Files (x86)\Jenkins found at: EnvVars.masterEnvVars.get("JENKINS_HOME")
2020-06-22 16:23:52.630+0000 [id=1]	INFO	o.e.j.s.handler.ContextHandler#doStart: Started w.@959ca4{Jenkins v2.204.5,/,file:///C:/Program%20Files%20(x86)/Jenkins/war/,AVAILABLE}{C:\Program Files (x86)\Jenkins\war}
2020-06-22 16:23:52.727+0000 [id=1]	INFO	o.e.j.server.AbstractConnector#doStart: Started ServerConnector@407d53{HTTP/1.1,[http/1.1]}{0.0.0.0:8080}
2020-06-22 16:23:52.728+0000 [id=1]	INFO	org.eclipse.jetty.server.Server#doStart: Started @15486ms
2020-06-22 16:23:52.730+0000 [id=19]	INFO	winstone.Logger#logInternal: Winstone Servlet Engine v4.0 running: controlPort=disabled
2020-06-22 16:23:55.079+0000 [id=26]	INFO	jenkins.InitReactorRunner$1#onAttained: Started initialization
2020-06-22 16:24:06.217+0000 [id=24]	INFO	jenkins.InitReactorRunner$1#onAttained: Listed all plugins
2020-06-22 16:24:16.185+0000 [id=25]	INFO	jenkins.InitReactorRunner$1#onAttained: Prepared all plugins
2020-06-22 16:24:16.213+0000 [id=30]	INFO	jenkins.InitReactorRunner$1#onAttained: Started all plugins
2020-06-22 16:24:17.679+0000 [id=29]	INFO	h.ExtensionFinder$GuiceFinder$FaultTolerantScope$1#error: Failed to instantiate optional component hudson.plugins.build_timeout.operations.AbortAndRestartOperation$DescriptorImpl; skipping
2020-06-22 16:24:18.884+0000 [id=30]	INFO	jenkins.InitReactorRunner$1#onAttained: Augmented all extensions
2020-06-22 16:24:18.965+0000 [id=27]	INFO	jenkins.InitReactorRunner$1#onAttained: Loaded all jobs
2020-06-22 16:24:18.992+0000 [id=44]	INFO	hudson.model.AsyncPeriodicWork#lambda$doRun$0: Started Download metadata
2020-06-22 16:24:19.016+0000 [id=44]	INFO	hudson.util.Retrier#start: Attempt #1 to do the action check updates server
2020-06-22 16:24:19.782+0000 [id=28]	INFO	o.s.c.s.AbstractApplicationContext#prepareRefresh: Refreshing org.springframework.web.context.support.StaticWebApplicationContext@1515f30: display name [Root WebApplicationContext]; startup date [Mon Jun 22 21:54:19 IST 2020]; root of context hierarchy
2020-06-22 16:24:19.782+0000 [id=28]	INFO	o.s.c.s.AbstractApplicationContext#obtainFreshBeanFactory: Bean factory for application context [org.springframework.web.context.support.StaticWebApplicationContext@1515f30]: org.springframework.beans.factory.support.DefaultListableBeanFactory@156fa17
2020-06-22 16:24:19.812+0000 [id=28]	INFO	o.s.b.f.s.DefaultListableBeanFactory#preInstantiateSingletons: Pre-instantiating singletons in org.springframework.beans.factory.support.DefaultListableBeanFactory@156fa17: defining beans [authenticationManager]; root of factory hierarchy
2020-06-22 16:24:20.101+0000 [id=28]	INFO	o.s.c.s.AbstractApplicationContext#prepareRefresh: Refreshing org.springframework.web.context.support.StaticWebApplicationContext@d3ce1c: display name [Root WebApplicationContext]; startup date [Mon Jun 22 21:54:20 IST 2020]; root of context hierarchy
2020-06-22 16:24:20.101+0000 [id=28]	INFO	o.s.c.s.AbstractApplicationContext#obtainFreshBeanFactory: Bean factory for application context [org.springframework.web.context.support.StaticWebApplicationContext@d3ce1c]: org.springframework.beans.factory.support.DefaultListableBeanFactory@2457c
2020-06-22 16:24:20.101+0000 [id=28]	INFO	o.s.b.f.s.DefaultListableBeanFactory#preInstantiateSingletons: Pre-instantiating singletons in org.springframework.beans.factory.support.DefaultListableBeanFactory@2457c: defining beans [filter,legacy]; root of factory hierarchy
2020-06-22 16:24:20.195+0000 [id=27]	INFO	jenkins.InitReactorRunner$1#onAttained: Completed initialization
2020-06-22 16:24:20.241+0000 [id=18]	INFO	hudson.WebAppMain$3#run: Jenkins is fully up and running
2020-06-22 16:26:24.330+0000 [id=44]	INFO	hudson.util.Retrier#start: The attempt #1 to do the action check updates server failed with an allowed exception:
Also:   <cycle to javax.net.ssl.SSLException: SSL peer shut down incorrectly>
	Caused: javax.net.ssl.SSLException: Connection has been shutdown
		at sun.security.ssl.SSLSocketImpl.checkEOF(Unknown Source)
		at sun.security.ssl.AppInputStream.available(Unknown Source)
		at java.io.BufferedInputStream.available(Unknown Source)
		at sun.net.www.MeteredStream.available(Unknown Source)
		at sun.net.www.http.KeepAliveStream.close(Unknown Source)
		at java.io.FilterInputStream.close(Unknown Source)
		at sun.net.www.protocol.http.HttpURLConnection$HttpInputStream.close(Unknown Source)
		at hudson.model.DownloadService.loadJSON(DownloadService.java:122)
javax.net.ssl.SSLException: SSL peer shut down incorrectly
	at sun.security.ssl.InputRecord.readV3Record(Unknown Source)
	at sun.security.ssl.InputRecord.read(Unknown Source)
	at sun.security.ssl.SSLSocketImpl.readRecord(Unknown Source)
	at sun.security.ssl.SSLSocketImpl.readDataRecord(Unknown Source)
	at sun.security.ssl.AppInputStream.read(Unknown Source)
	at java.io.BufferedInputStream.read1(Unknown Source)
	at java.io.BufferedInputStream.read(Unknown Source)
	at sun.net.www.MeteredStream.read(Unknown Source)
	at java.io.FilterInputStream.read(Unknown Source)
	at sun.net.www.protocol.http.HttpURLConnection$HttpInputStream.read(Unknown Source)
	at sun.nio.cs.StreamDecoder.readBytes(Unknown Source)
	at sun.nio.cs.StreamDecoder.implRead(Unknown Source)
	at sun.nio.cs.StreamDecoder.read(Unknown Source)
	at java.io.InputStreamReader.read(Unknown Source)
	at java.io.Reader.read(Unknown Source)
	at org.apache.commons.io.IOUtils.copyLarge(IOUtils.java:2537)
	at org.apache.commons.io.IOUtils.copyLarge(IOUtils.java:2516)
	at org.apache.commons.io.IOUtils.copy(IOUtils.java:2493)
	at org.apache.commons.io.IOUtils.copy(IOUtils.java:2441)
	at org.apache.commons.io.IOUtils.toString(IOUtils.java:1084)
	at org.apache.commons.io.IOUtils.toString(IOUtils.java:1110)
	at hudson.model.DownloadService.loadJSON(DownloadService.java:114)
	at hudson.model.UpdateSite.updateDirectlyNow(UpdateSite.java:185)
	at hudson.PluginManager.checkUpdatesServer(PluginManager.java:1765)
	at hudson.util.Retrier.start(Retrier.java:62)
	at hudson.PluginManager.doCheckUpdatesServer(PluginManager.java:1736)
	at jenkins.DailyCheck.execute(DailyCheck.java:93)
	at hudson.model.AsyncPeriodicWork.lambda$doRun$0(AsyncPeriodicWork.java:100)
	at java.lang.Thread.run(Unknown Source)
2020-06-22 16:26:24.330+0000 [id=44]	INFO	hudson.util.Retrier#start: Calling the listener of the allowed exception 'SSL peer shut down incorrectly' at the attempt #1 to do the action check updates server
2020-06-22 16:26:24.333+0000 [id=44]	INFO	hudson.util.Retrier#start: Attempted the action check updates server for 1 time(s) with no success
2020-06-22 16:26:24.334+0000 [id=44]	SEVERE	hudson.PluginManager#doCheckUpdatesServer: Error checking update sites for 1 attempt(s). Last exception was: SSLException: SSL peer shut down incorrectly
2020-06-22 16:26:24.342+0000 [id=44]	INFO	hudson.model.AsyncPeriodicWork#lambda$doRun$0: Finished Download metadata. 125,348 ms
2020-06-23 02:59:30.886+0000 [id=134]	INFO	hudson.model.AsyncPeriodicWork#lambda$doRun$0: Started telemetry collection
2020-06-23 02:59:30.983+0000 [id=134]	INFO	hudson.model.AsyncPeriodicWork#lambda$doRun$0: Finished telemetry collection. 92 ms
2020-06-23 03:58:47.936+0000 [id=142]	INFO	hudson.model.AsyncPeriodicWork#lambda$doRun$0: Started Fingerprint cleanup
2020-06-23 03:58:47.942+0000 [id=142]	INFO	hudson.model.AsyncPeriodicWork#lambda$doRun$0: Finished Fingerprint cleanup. 4 ms
2020-06-23 07:21:20.249+0000 [id=11]	INFO	j.s.JnlpSlaveAgentProtocol3$Impl#allows: Inbound TCP Agent Protocol/3 has been forcibly disabled for additional security reasons. To enable it yet again set the system property jenkins.slaves.JnlpSlaveAgentProtocol3.ALLOW_UNSAFE
2020-06-23 07:21:30.022+0000 [id=23]	INFO	hudson.model.UpdateSite#getJSONObject: Loaded and parsed C:\Program Files (x86)\Jenkins\updates\default.json in 10.8s
2020-06-23 13:26:53.391+0000 [id=235]	INFO	jenkins.model.Jenkins$22#run: Restarting VM as requested by admin
2020-06-23 13:26:53.404+0000 [id=235]	INFO	jenkins.model.Jenkins#cleanUp: Stopping Jenkins
2020-06-23 13:26:53.490+0000 [id=235]	INFO	jenkins.model.Jenkins$18#onAttained: Started termination
2020-06-23 13:26:53.512+0000 [id=235]	INFO	jenkins.model.Jenkins$18#onAttained: Completed termination
2020-06-23 13:26:53.512+0000 [id=235]	INFO	jenkins.model.Jenkins#_cleanUpDisconnectComputers: Starting node disconnection
2020-06-23 13:26:53.522+0000 [id=235]	INFO	jenkins.model.Jenkins#_cleanUpShutdownPluginManager: Stopping plugin manager
2020-06-23 13:26:53.552+0000 [id=235]	INFO	jenkins.model.Jenkins#_cleanUpPersistQueue: Persisting build queue
2020-06-23 13:26:53.571+0000 [id=235]	INFO	jenkins.model.Jenkins#_cleanUpAwaitDisconnects: Waiting for node disconnection completion
2020-06-23 13:26:53.572+0000 [id=235]	INFO	jenkins.model.Jenkins#cleanUp: Jenkins stopped
2020-06-23 13:26:57.188+0000 [id=1]	INFO	org.eclipse.jetty.util.log.Log#initialized: Logging initialized @1026ms to org.eclipse.jetty.util.log.JavaUtilLog
2020-06-23 13:26:57.338+0000 [id=1]	INFO	winstone.Logger#logInternal: Beginning extraction from war file
2020-06-23 13:26:57.392+0000 [id=1]	WARNING	o.e.j.s.handler.ContextHandler#setContextPath: Empty contextPath
2020-06-23 13:26:57.463+0000 [id=1]	INFO	org.eclipse.jetty.server.Server#doStart: jetty-9.4.z-SNAPSHOT; built: 2019-05-02T00:04:53.875Z; git: e1bc35120a6617ee3df052294e433f3a25ce7097; jvm 1.8.0_144-b01
2020-06-23 13:26:58.303+0000 [id=1]	INFO	o.e.j.w.StandardDescriptorProcessor#visitServlet: NO JSP Support for /, did not find org.eclipse.jetty.jsp.JettyJspServlet
2020-06-23 13:26:58.372+0000 [id=1]	INFO	o.e.j.s.s.DefaultSessionIdManager#doStart: DefaultSessionIdManager workerName=node0
2020-06-23 13:26:58.372+0000 [id=1]	INFO	o.e.j.s.s.DefaultSessionIdManager#doStart: No SessionScavenger set, using defaults
2020-06-23 13:26:58.375+0000 [id=1]	INFO	o.e.j.server.session.HouseKeeper#startScavenging: node0 Scavenging every 600000ms
2020-06-23 13:26:59.389+0000 [id=1]	INFO	hudson.WebAppMain#contextInitialized: Jenkins home directory: C:\Program Files (x86)\Jenkins found at: EnvVars.masterEnvVars.get("JENKINS_HOME")
2020-06-23 13:26:59.567+0000 [id=1]	INFO	o.e.j.s.handler.ContextHandler#doStart: Started w.@959ca4{Jenkins v2.204.5,/,file:///C:/Program%20Files%20(x86)/Jenkins/war/,AVAILABLE}{C:\Program Files (x86)\Jenkins\war}
2020-06-23 13:26:59.602+0000 [id=1]	INFO	o.e.j.server.AbstractConnector#doStart: Started ServerConnector@407d53{HTTP/1.1,[http/1.1]}{0.0.0.0:8080}
2020-06-23 13:26:59.602+0000 [id=1]	INFO	org.eclipse.jetty.server.Server#doStart: Started @3441ms
2020-06-23 13:26:59.603+0000 [id=19]	INFO	winstone.Logger#logInternal: Winstone Servlet Engine v4.0 running: controlPort=disabled
2020-06-23 13:27:01.692+0000 [id=26]	INFO	jenkins.InitReactorRunner$1#onAttained: Started initialization
2020-06-23 13:27:13.118+0000 [id=28]	INFO	jenkins.InitReactorRunner$1#onAttained: Listed all plugins
2020-06-23 13:27:22.692+0000 [id=28]	INFO	jenkins.InitReactorRunner$1#onAttained: Prepared all plugins
2020-06-23 13:27:22.703+0000 [id=28]	INFO	jenkins.InitReactorRunner$1#onAttained: Started all plugins
2020-06-23 13:27:24.137+0000 [id=27]	INFO	h.ExtensionFinder$GuiceFinder$FaultTolerantScope$1#error: Failed to instantiate optional component hudson.plugins.build_timeout.operations.AbortAndRestartOperation$DescriptorImpl; skipping
2020-06-23 13:27:25.552+0000 [id=32]	INFO	jenkins.InitReactorRunner$1#onAttained: Augmented all extensions
2020-06-23 13:27:25.811+0000 [id=28]	INFO	jenkins.InitReactorRunner$1#onAttained: Loaded all jobs
2020-06-23 13:27:25.844+0000 [id=45]	INFO	hudson.model.AsyncPeriodicWork#lambda$doRun$0: Started Download metadata
2020-06-23 13:27:25.856+0000 [id=45]	INFO	hudson.util.Retrier#start: Attempt #1 to do the action check updates server
2020-06-23 13:27:26.471+0000 [id=26]	INFO	o.s.c.s.AbstractApplicationContext#prepareRefresh: Refreshing org.springframework.web.context.support.StaticWebApplicationContext@18cc130: display name [Root WebApplicationContext]; startup date [Tue Jun 23 18:57:26 IST 2020]; root of context hierarchy
2020-06-23 13:27:26.471+0000 [id=26]	INFO	o.s.c.s.AbstractApplicationContext#obtainFreshBeanFactory: Bean factory for application context [org.springframework.web.context.support.StaticWebApplicationContext@18cc130]: org.springframework.beans.factory.support.DefaultListableBeanFactory@7c155b
2020-06-23 13:27:26.491+0000 [id=26]	INFO	o.s.b.f.s.DefaultListableBeanFactory#preInstantiateSingletons: Pre-instantiating singletons in org.springframework.beans.factory.support.DefaultListableBeanFactory@7c155b: defining beans [authenticationManager]; root of factory hierarchy
2020-06-23 13:27:26.767+0000 [id=26]	INFO	o.s.c.s.AbstractApplicationContext#prepareRefresh: Refreshing org.springframework.web.context.support.StaticWebApplicationContext@14343fe: display name [Root WebApplicationContext]; startup date [Tue Jun 23 18:57:26 IST 2020]; root of context hierarchy
2020-06-23 13:27:26.767+0000 [id=26]	INFO	o.s.c.s.AbstractApplicationContext#obtainFreshBeanFactory: Bean factory for application context [org.springframework.web.context.support.StaticWebApplicationContext@14343fe]: org.springframework.beans.factory.support.DefaultListableBeanFactory@955b34
2020-06-23 13:27:26.768+0000 [id=26]	INFO	o.s.b.f.s.DefaultListableBeanFactory#preInstantiateSingletons: Pre-instantiating singletons in org.springframework.beans.factory.support.DefaultListableBeanFactory@955b34: defining beans [filter,legacy]; root of factory hierarchy
2020-06-23 13:27:26.869+0000 [id=31]	INFO	jenkins.InitReactorRunner$1#onAttained: Completed initialization
2020-06-23 13:27:26.920+0000 [id=18]	INFO	hudson.WebAppMain$3#run: Jenkins is fully up and running
2020-06-23 13:27:42.674+0000 [id=15]	INFO	j.s.JnlpSlaveAgentProtocol3$Impl#allows: Inbound TCP Agent Protocol/3 has been forcibly disabled for additional security reasons. To enable it yet again set the system property jenkins.slaves.JnlpSlaveAgentProtocol3.ALLOW_UNSAFE
2020-06-23 13:27:55.732+0000 [id=45]	INFO	hudson.model.UpdateSite#updateData: Obtained the latest update center data file for UpdateSource default
2020-06-23 13:27:56.082+0000 [id=40]	INFO	hudson.model.UpdateSite#getJSONObject: Loaded and parsed C:\Program Files (x86)\Jenkins\updates\default.json in 14.2s
2020-06-23 13:27:57.002+0000 [id=45]	INFO	h.m.DownloadService$Downloadable#load: Obtained the updated data file for hudson.tasks.Maven.MavenInstaller
2020-06-23 13:27:57.313+0000 [id=45]	INFO	h.m.DownloadService$Downloadable#load: Obtained the updated data file for hudson.tasks.Ant.AntInstaller
2020-06-23 13:27:57.872+0000 [id=45]	INFO	h.m.DownloadService$Downloadable#load: Obtained the updated data file for hudson.plugins.gradle.GradleInstaller
2020-06-23 13:27:59.589+0000 [id=45]	INFO	h.m.DownloadService$Downloadable#load: Obtained the updated data file for hudson.tools.JDKInstaller
2020-06-23 13:27:59.590+0000 [id=45]	INFO	hudson.util.Retrier#start: Performed the action check updates server successfully at the attempt #1
2020-06-23 13:27:59.594+0000 [id=45]	INFO	hudson.model.AsyncPeriodicWork#lambda$doRun$0: Finished Download metadata. 33,749 ms
2020-06-23 13:31:56.706+0000 [id=42]	INFO	hudson.model.Run#execute: FeedbackMgmtSystem #19 main build action completed: FAILURE
2020-06-23 13:39:43.364+0000 [id=43]	INFO	hudson.model.Run#execute: FeedbackMgmtSystem #20 main build action completed: FAILURE
2020-06-23 13:49:43.035+0000 [id=184]	INFO	hudson.model.Run#execute: FeedbackMgmtSystem #21 main build action completed: SUCCESS
2020-06-23 14:24:32.301+0000 [id=251]	INFO	hudson.model.Run#execute: FeedbackMgmtSystem #22 main build action completed: FAILURE
2020-06-23 14:31:07.663+0000 [id=124]	INFO	hudson.model.Run#execute: FeedbackMgmtSystem #23 main build action completed: FAILURE
2020-06-23 15:12:14.795+0000 [id=374]	INFO	hudson.model.Run#execute: FeedbackMgmtSystem #24 main build action completed: FAILURE
2020-06-23 15:15:24.101+0000 [id=432]	INFO	hudson.model.Run#execute: FeedbackMgmtSystem #25 main build action completed: SUCCESS
2020-06-23 16:47:16.858+0000 [id=511]	INFO	hudson.model.AsyncPeriodicWork#lambda$doRun$0: Started telemetry collection
2020-06-23 16:47:16.886+0000 [id=511]	INFO	hudson.model.AsyncPeriodicWork#lambda$doRun$0: Finished telemetry collection. 27 ms
2020-06-24 00:52:04.289+0000 [id=575]	INFO	hudson.model.AsyncPeriodicWork#lambda$doRun$0: Started Workspace clean-up
2020-06-24 00:52:04.318+0000 [id=575]	INFO	hudson.model.AsyncPeriodicWork#lambda$doRun$0: Finished Workspace clean-up. 24 ms
2020-06-24 02:22:57.527+0000 [id=584]	INFO	hudson.model.AsyncPeriodicWork#lambda$doRun$0: Started Fingerprint cleanup
2020-06-24 02:22:57.560+0000 [id=584]	INFO	hudson.model.AsyncPeriodicWork#lambda$doRun$0: Finished Fingerprint cleanup. 22 ms
2020-06-24 13:27:30.918+0000 [id=680]	INFO	hudson.model.AsyncPeriodicWork#lambda$doRun$0: Started Download metadata
2020-06-24 13:27:30.931+0000 [id=680]	INFO	hudson.model.AsyncPeriodicWork#lambda$doRun$0: Finished Download metadata. 10 ms
2020-06-24 16:47:22.201+0000 [id=705]	INFO	hudson.model.AsyncPeriodicWork#lambda$doRun$0: Started telemetry collection
2020-06-24 16:47:22.214+0000 [id=705]	INFO	hudson.model.AsyncPeriodicWork#lambda$doRun$0: Finished telemetry collection. 8 ms
2020-06-25 00:52:09.680+0000 [id=770]	INFO	hudson.model.AsyncPeriodicWork#lambda$doRun$0: Started Workspace clean-up
2020-06-25 00:52:09.691+0000 [id=770]	INFO	hudson.model.AsyncPeriodicWork#lambda$doRun$0: Finished Workspace clean-up. 8 ms
2020-06-25 02:23:02.930+0000 [id=779]	INFO	hudson.model.AsyncPeriodicWork#lambda$doRun$0: Started Fingerprint cleanup
2020-06-25 02:23:02.939+0000 [id=779]	INFO	hudson.model.AsyncPeriodicWork#lambda$doRun$0: Finished Fingerprint cleanup. 7 ms
